<?xml version="1.0" encoding="utf-8"?>
<CoverageSession xmlns:xsd="http://www.w3.org/2001/XMLSchema" xmlns:xsi="http://www.w3.org/2001/XMLSchema-instance" Version="0.0.0.0">
  <Summary numSequencePoints="261" visitedSequencePoints="193" numBranchPoints="0" visitedBranchPoints="0" sequenceCoverage="73.95" branchCoverage="0.0" maxCyclomaticComplexity="0" minCyclomaticComplexity="0" maxCrapScore="0" minCrapScore="0" visitedClasses="11" numClasses="11" visitedMethods="28" numMethods="28" />
  <Modules>
    <Module>
      <Summary numSequencePoints="261" visitedSequencePoints="193" numBranchPoints="0" visitedBranchPoints="0" sequenceCoverage="73.95" branchCoverage="0.0" maxCyclomaticComplexity="0" minCyclomaticComplexity="0" maxCrapScore="0" minCrapScore="0" visitedClasses="11" numClasses="11" visitedMethods="28" numMethods="28" />
      <ModuleTime>0001-01-01T00:00:00</ModuleTime>
      <ModuleName>Test</ModuleName>
      <Files>
        <File uid="1" fullPath="D:/--UnityProject/VR/VRExplorer_subjects/VGuns-Unity-VR/Assets/Test/AudioManager.cs" />
        <File uid="2" fullPath="D:/--UnityProject/VR/VRExplorer_subjects/VGuns-Unity-VR/Assets/Test/Enemy/EnemyAi.cs" />
        <File uid="3" fullPath="D:/--UnityProject/VR/VRExplorer_subjects/VGuns-Unity-VR/Assets/Test/Gun.cs" />
        <File uid="4" fullPath="D:/--UnityProject/VR/VRExplorer_subjects/VGuns-Unity-VR/Assets/Test/Round.cs" />
        <File uid="5" fullPath="D:/--UnityProject/VR/VRExplorer_subjects/VGuns-Unity-VR/Assets/Test/Time/BulletTime.cs" />
        <File uid="6" fullPath="D:/--UnityProject/VR/VRExplorer_subjects/VGuns-Unity-VR/Assets/Test/Time/SpeedUpTime.cs" />
        <File uid="7" fullPath="D:/--UnityProject/VR/VRExplorer_subjects/VGuns-Unity-VR/Assets/Test/Time/TimeManager.cs" />
        <File uid="8" fullPath="D:/--UnityProject/VR/VRExplorer_subjects/VGuns-Unity-VR/Assets/Test/XRTarget.cs" />
        <File uid="9" fullPath="D:/--UnityProject/VR/VRExplorer_subjects/VGuns-Unity-VR/Assets/Test/PauseMenu/PauseMenu.cs" />
      </Files>
      <Classes>
        <Class>
          <Summary numSequencePoints="30" visitedSequencePoints="24" numBranchPoints="0" visitedBranchPoints="0" sequenceCoverage="80.00" branchCoverage="0.0" maxCyclomaticComplexity="0" minCyclomaticComplexity="0" maxCrapScore="0" minCrapScore="0" visitedClasses="1" numClasses="1" visitedMethods="2" numMethods="2" />
          <FullName>AudioManager</FullName>
          <Methods>
            <Method visited="true" cyclomaticComplexity="0" nPathComplexity="0" sequenceCoverage="85.00" branchCoverage="0" crapScore="0" isConstructor="false" isStatic="false" isGetter="false" isSetter="false">
              <Summary numSequencePoints="20" visitedSequencePoints="17" numBranchPoints="0" visitedBranchPoints="0" sequenceCoverage="85.00" branchCoverage="0" maxCyclomaticComplexity="0" minCyclomaticComplexity="0" maxCrapScore="0" minCrapScore="0" visitedClasses="0" numClasses="0" visitedMethods="1" numMethods="1" />
              <MetadataToken>100663297</MetadataToken>
              <Name>System.Void AudioManager::Awake()</Name>
              <FileRef uid="1" />
              <SequencePoints>
                <SequencePoint vc="1" uspid="721" ordinal="0" offset="0" sl="15" sc="2" el="15" ec="2" bec="0" bev="0" fileid="1" />
                <SequencePoint vc="1" uspid="722" ordinal="0" offset="1" sl="16" sc="3" el="16" ec="3" bec="0" bev="0" fileid="1" />
                <SequencePoint vc="0" uspid="723" ordinal="0" offset="16" sl="17" sc="3" el="17" ec="3" bec="0" bev="0" fileid="1" />
                <SequencePoint vc="0" uspid="724" ordinal="0" offset="17" sl="18" sc="4" el="18" ec="4" bec="0" bev="0" fileid="1" />
                <SequencePoint vc="0" uspid="725" ordinal="0" offset="29" sl="19" sc="3" el="19" ec="3" bec="0" bev="0" fileid="1" />
                <SequencePoint vc="1" uspid="726" ordinal="0" offset="32" sl="21" sc="3" el="21" ec="3" bec="0" bev="0" fileid="1" />
                <SequencePoint vc="1" uspid="727" ordinal="0" offset="33" sl="22" sc="4" el="22" ec="4" bec="0" bev="0" fileid="1" />
                <SequencePoint vc="1" uspid="728" ordinal="0" offset="39" sl="23" sc="4" el="23" ec="4" bec="0" bev="0" fileid="1" />
                <SequencePoint vc="1" uspid="729" ordinal="0" offset="51" sl="24" sc="3" el="24" ec="3" bec="0" bev="0" fileid="1" />
                <SequencePoint vc="1" uspid="730" ordinal="0" offset="52" sl="26" sc="3" el="26" ec="3" bec="0" bev="0" fileid="1" />
                <SequencePoint vc="1" uspid="731" ordinal="0" offset="53" sl="26" sc="23" el="26" ec="23" bec="0" bev="0" fileid="1" />
                <SequencePoint vc="3" uspid="732" ordinal="0" offset="64" sl="26" sc="12" el="26" ec="12" bec="0" bev="0" fileid="1" />
                <SequencePoint vc="3" uspid="733" ordinal="0" offset="68" sl="27" sc="3" el="27" ec="3" bec="0" bev="0" fileid="1" />
                <SequencePoint vc="3" uspid="734" ordinal="0" offset="69" sl="28" sc="4" el="28" ec="4" bec="0" bev="0" fileid="1" />
                <SequencePoint vc="3" uspid="735" ordinal="0" offset="86" sl="29" sc="4" el="29" ec="4" bec="0" bev="0" fileid="1" />
                <SequencePoint vc="3" uspid="736" ordinal="0" offset="104" sl="30" sc="4" el="30" ec="4" bec="0" bev="0" fileid="1" />
                <SequencePoint vc="3" uspid="737" ordinal="0" offset="122" sl="32" sc="4" el="32" ec="4" bec="0" bev="0" fileid="1" />
                <SequencePoint vc="3" uspid="738" ordinal="0" offset="140" sl="33" sc="3" el="33" ec="3" bec="0" bev="0" fileid="1" />
                <SequencePoint vc="4" uspid="739" ordinal="0" offset="145" sl="26" sc="20" el="26" ec="20" bec="0" bev="0" fileid="1" />
                <SequencePoint vc="1" uspid="740" ordinal="0" offset="151" sl="34" sc="2" el="34" ec="2" bec="0" bev="0" fileid="1" />
              </SequencePoints>
              <BranchPoints />
            </Method>
            <Method visited="true" cyclomaticComplexity="0" nPathComplexity="0" sequenceCoverage="70.00" branchCoverage="0" crapScore="0" isConstructor="false" isStatic="false" isGetter="false" isSetter="false">
              <Summary numSequencePoints="10" visitedSequencePoints="7" numBranchPoints="0" visitedBranchPoints="0" sequenceCoverage="70.00" branchCoverage="0" maxCyclomaticComplexity="0" minCyclomaticComplexity="0" maxCrapScore="0" minCrapScore="0" visitedClasses="0" numClasses="0" visitedMethods="1" numMethods="1" />
              <MetadataToken>100663298</MetadataToken>
              <Name>System.Void AudioManager::Play(System.String)</Name>
              <FileRef uid="1" />
              <SequencePoints>
                <SequencePoint vc="40" uspid="741" ordinal="0" offset="13" sl="37" sc="2" el="37" ec="2" bec="0" bev="0" fileid="1" />
                <SequencePoint vc="40" uspid="742" ordinal="0" offset="14" sl="38" sc="3" el="38" ec="3" bec="0" bev="0" fileid="1" />
                <SequencePoint vc="40" uspid="743" ordinal="0" offset="38" sl="39" sc="3" el="39" ec="3" bec="0" bev="0" fileid="1" />
                <SequencePoint vc="0" uspid="744" ordinal="0" offset="46" sl="40" sc="3" el="40" ec="3" bec="0" bev="0" fileid="1" />
                <SequencePoint vc="0" uspid="745" ordinal="0" offset="47" sl="41" sc="4" el="41" ec="4" bec="0" bev="0" fileid="1" />
                <SequencePoint vc="0" uspid="746" ordinal="0" offset="74" sl="43" sc="3" el="43" ec="3" bec="0" bev="0" fileid="1" />
                <SequencePoint vc="40" uspid="747" ordinal="0" offset="75" sl="45" sc="3" el="45" ec="3" bec="0" bev="0" fileid="1" />
                <SequencePoint vc="40" uspid="748" ordinal="0" offset="130" sl="46" sc="3" el="46" ec="3" bec="0" bev="0" fileid="1" />
                <SequencePoint vc="40" uspid="749" ordinal="0" offset="185" sl="48" sc="3" el="48" ec="3" bec="0" bev="0" fileid="1" />
                <SequencePoint vc="40" uspid="750" ordinal="0" offset="197" sl="49" sc="2" el="49" ec="2" bec="0" bev="0" fileid="1" />
              </SequencePoints>
              <BranchPoints />
            </Method>
          </Methods>
        </Class>
        <Class>
          <Summary numSequencePoints="62" visitedSequencePoints="62" numBranchPoints="0" visitedBranchPoints="0" sequenceCoverage="100.0" branchCoverage="0.0" maxCyclomaticComplexity="0" minCyclomaticComplexity="0" maxCrapScore="0" minCrapScore="0" visitedClasses="1" numClasses="1" visitedMethods="8" numMethods="8" />
          <FullName>EnemyAi</FullName>
          <Methods>
            <Method visited="true" cyclomaticComplexity="0" nPathComplexity="0" sequenceCoverage="100.0" branchCoverage="0" crapScore="0" isConstructor="false" isStatic="false" isGetter="false" isSetter="false">
              <Summary numSequencePoints="4" visitedSequencePoints="4" numBranchPoints="0" visitedBranchPoints="0" sequenceCoverage="100.0" branchCoverage="0" maxCyclomaticComplexity="0" minCyclomaticComplexity="0" maxCrapScore="0" minCrapScore="0" visitedClasses="0" numClasses="0" visitedMethods="1" numMethods="1" />
              <MetadataToken>100663300</MetadataToken>
              <Name>System.Void EnemyAi::Start()</Name>
              <FileRef uid="2" />
              <SequencePoints>
                <SequencePoint vc="5" uspid="751" ordinal="0" offset="0" sl="40" sc="19" el="40" ec="19" bec="0" bev="0" fileid="2" />
                <SequencePoint vc="5" uspid="752" ordinal="0" offset="1" sl="41" sc="9" el="41" ec="9" bec="0" bev="0" fileid="2" />
                <SequencePoint vc="5" uspid="753" ordinal="0" offset="8" sl="43" sc="9" el="43" ec="9" bec="0" bev="0" fileid="2" />
                <SequencePoint vc="5" uspid="754" ordinal="0" offset="36" sl="45" sc="5" el="45" ec="5" bec="0" bev="0" fileid="2" />
              </SequencePoints>
              <BranchPoints />
            </Method>
            <Method visited="true" cyclomaticComplexity="0" nPathComplexity="0" sequenceCoverage="100.0" branchCoverage="0" crapScore="0" isConstructor="false" isStatic="false" isGetter="false" isSetter="false">
              <Summary numSequencePoints="6" visitedSequencePoints="6" numBranchPoints="0" visitedBranchPoints="0" sequenceCoverage="100.0" branchCoverage="0" maxCyclomaticComplexity="0" minCyclomaticComplexity="0" maxCrapScore="0" minCrapScore="0" visitedClasses="0" numClasses="0" visitedMethods="1" numMethods="1" />
              <MetadataToken>100663301</MetadataToken>
              <Name>System.Void EnemyAi::Awake()</Name>
              <FileRef uid="2" />
              <SequencePoints>
                <SequencePoint vc="5" uspid="755" ordinal="0" offset="0" sl="47" sc="5" el="47" ec="5" bec="0" bev="0" fileid="2" />
                <SequencePoint vc="5" uspid="756" ordinal="0" offset="1" sl="48" sc="9" el="48" ec="9" bec="0" bev="0" fileid="2" />
                <SequencePoint vc="5" uspid="757" ordinal="0" offset="12" sl="49" sc="9" el="49" ec="9" bec="0" bev="0" fileid="2" />
                <SequencePoint vc="5" uspid="758" ordinal="0" offset="33" sl="50" sc="9" el="50" ec="9" bec="0" bev="0" fileid="2" />
                <SequencePoint vc="5" uspid="759" ordinal="0" offset="45" sl="51" sc="9" el="51" ec="9" bec="0" bev="0" fileid="2" />
                <SequencePoint vc="5" uspid="760" ordinal="0" offset="52" sl="52" sc="5" el="52" ec="5" bec="0" bev="0" fileid="2" />
              </SequencePoints>
              <BranchPoints />
            </Method>
            <Method visited="true" cyclomaticComplexity="0" nPathComplexity="0" sequenceCoverage="100.0" branchCoverage="0" crapScore="0" isConstructor="false" isStatic="false" isGetter="false" isSetter="false">
              <Summary numSequencePoints="13" visitedSequencePoints="13" numBranchPoints="0" visitedBranchPoints="0" sequenceCoverage="100.0" branchCoverage="0" maxCyclomaticComplexity="0" minCyclomaticComplexity="0" maxCrapScore="0" minCrapScore="0" visitedClasses="0" numClasses="0" visitedMethods="1" numMethods="1" />
              <MetadataToken>100663302</MetadataToken>
              <Name>System.Void EnemyAi::Update()</Name>
              <FileRef uid="2" />
              <SequencePoints>
                <SequencePoint vc="13265" uspid="761" ordinal="0" offset="0" sl="55" sc="5" el="55" ec="5" bec="0" bev="0" fileid="2" />
                <SequencePoint vc="13265" uspid="762" ordinal="0" offset="1" sl="56" sc="9" el="56" ec="9" bec="0" bev="0" fileid="2" />
                <SequencePoint vc="13265" uspid="763" ordinal="0" offset="34" sl="59" sc="9" el="59" ec="9" bec="0" bev="0" fileid="2" />
                <SequencePoint vc="13265" uspid="764" ordinal="0" offset="73" sl="60" sc="9" el="60" ec="9" bec="0" bev="0" fileid="2" />
                <SequencePoint vc="13265" uspid="765" ordinal="0" offset="112" sl="62" sc="9" el="62" ec="9" bec="0" bev="0" fileid="2" />
                <SequencePoint vc="164" uspid="766" ordinal="0" offset="162" sl="62" sc="93" el="62" ec="93" bec="0" bev="0" fileid="2" />
                <SequencePoint vc="13265" uspid="767" ordinal="0" offset="169" sl="64" sc="9" el="64" ec="9" bec="0" bev="0" fileid="2" />
                <SequencePoint vc="12059" uspid="768" ordinal="0" offset="193" sl="64" sc="58" el="64" ec="58" bec="0" bev="0" fileid="2" />
                <SequencePoint vc="13265" uspid="769" ordinal="0" offset="200" sl="65" sc="9" el="65" ec="9" bec="0" bev="0" fileid="2" />
                <SequencePoint vc="197" uspid="770" ordinal="0" offset="224" sl="65" sc="57" el="65" ec="57" bec="0" bev="0" fileid="2" />
                <SequencePoint vc="13265" uspid="771" ordinal="0" offset="231" sl="66" sc="9" el="66" ec="9" bec="0" bev="0" fileid="2" />
                <SequencePoint vc="1009" uspid="772" ordinal="0" offset="254" sl="66" sc="56" el="66" ec="56" bec="0" bev="0" fileid="2" />
                <SequencePoint vc="13265" uspid="773" ordinal="0" offset="261" sl="67" sc="5" el="67" ec="5" bec="0" bev="0" fileid="2" />
              </SequencePoints>
              <BranchPoints />
            </Method>
            <Method visited="true" cyclomaticComplexity="0" nPathComplexity="0" sequenceCoverage="100.0" branchCoverage="0" crapScore="0" isConstructor="false" isStatic="false" isGetter="false" isSetter="false">
              <Summary numSequencePoints="9" visitedSequencePoints="9" numBranchPoints="0" visitedBranchPoints="0" sequenceCoverage="100.0" branchCoverage="0" maxCyclomaticComplexity="0" minCyclomaticComplexity="0" maxCrapScore="0" minCrapScore="0" visitedClasses="0" numClasses="0" visitedMethods="1" numMethods="1" />
              <MetadataToken>100663303</MetadataToken>
              <Name>System.Void EnemyAi::Patroling()</Name>
              <FileRef uid="2" />
              <SequencePoints>
                <SequencePoint vc="12059" uspid="774" ordinal="0" offset="0" sl="70" sc="5" el="70" ec="5" bec="0" bev="0" fileid="2" />
                <SequencePoint vc="12059" uspid="775" ordinal="0" offset="1" sl="71" sc="9" el="71" ec="9" bec="0" bev="0" fileid="2" />
                <SequencePoint vc="7" uspid="776" ordinal="0" offset="14" sl="71" sc="28" el="71" ec="28" bec="0" bev="0" fileid="2" />
                <SequencePoint vc="12059" uspid="777" ordinal="0" offset="21" sl="73" sc="9" el="73" ec="9" bec="0" bev="0" fileid="2" />
                <SequencePoint vc="12055" uspid="778" ordinal="0" offset="31" sl="74" sc="13" el="74" ec="13" bec="0" bev="0" fileid="2" />
                <SequencePoint vc="12059" uspid="779" ordinal="0" offset="49" sl="76" sc="9" el="76" ec="9" bec="0" bev="0" fileid="2" />
                <SequencePoint vc="12059" uspid="780" ordinal="0" offset="72" sl="79" sc="9" el="79" ec="9" bec="0" bev="0" fileid="2" />
                <SequencePoint vc="3" uspid="781" ordinal="0" offset="90" sl="80" sc="13" el="80" ec="13" bec="0" bev="0" fileid="2" />
                <SequencePoint vc="12059" uspid="782" ordinal="0" offset="97" sl="81" sc="5" el="81" ec="5" bec="0" bev="0" fileid="2" />
              </SequencePoints>
              <BranchPoints />
            </Method>
            <Method visited="true" cyclomaticComplexity="0" nPathComplexity="0" sequenceCoverage="100.0" branchCoverage="0" crapScore="0" isConstructor="false" isStatic="false" isGetter="false" isSetter="false">
              <Summary numSequencePoints="7" visitedSequencePoints="7" numBranchPoints="0" visitedBranchPoints="0" sequenceCoverage="100.0" branchCoverage="0" maxCyclomaticComplexity="0" minCyclomaticComplexity="0" maxCrapScore="0" minCrapScore="0" visitedClasses="0" numClasses="0" visitedMethods="1" numMethods="1" />
              <MetadataToken>100663304</MetadataToken>
              <Name>System.Void EnemyAi::SearchWalkPoint()</Name>
              <FileRef uid="2" />
              <SequencePoints>
                <SequencePoint vc="171" uspid="783" ordinal="0" offset="0" sl="83" sc="5" el="83" ec="5" bec="0" bev="0" fileid="2" />
                <SequencePoint vc="171" uspid="784" ordinal="0" offset="1" sl="85" sc="9" el="85" ec="9" bec="0" bev="0" fileid="2" />
                <SequencePoint vc="171" uspid="785" ordinal="0" offset="20" sl="86" sc="9" el="86" ec="9" bec="0" bev="0" fileid="2" />
                <SequencePoint vc="171" uspid="786" ordinal="0" offset="39" sl="88" sc="9" el="88" ec="9" bec="0" bev="0" fileid="2" />
                <SequencePoint vc="171" uspid="787" ordinal="0" offset="102" sl="90" sc="9" el="90" ec="9" bec="0" bev="0" fileid="2" />
                <SequencePoint vc="55" uspid="788" ordinal="0" offset="149" sl="91" sc="13" el="91" ec="13" bec="0" bev="0" fileid="2" />
                <SequencePoint vc="171" uspid="789" ordinal="0" offset="156" sl="92" sc="5" el="92" ec="5" bec="0" bev="0" fileid="2" />
              </SequencePoints>
              <BranchPoints />
            </Method>
            <Method visited="true" cyclomaticComplexity="0" nPathComplexity="0" sequenceCoverage="100.0" branchCoverage="0" crapScore="0" isConstructor="false" isStatic="false" isGetter="false" isSetter="false">
              <Summary numSequencePoints="5" visitedSequencePoints="5" numBranchPoints="0" visitedBranchPoints="0" sequenceCoverage="100.0" branchCoverage="0" maxCyclomaticComplexity="0" minCyclomaticComplexity="0" maxCrapScore="0" minCrapScore="0" visitedClasses="0" numClasses="0" visitedMethods="1" numMethods="1" />
              <MetadataToken>100663305</MetadataToken>
              <Name>System.Void EnemyAi::ChasePlayer()</Name>
              <FileRef uid="2" />
              <SequencePoints>
                <SequencePoint vc="197" uspid="790" ordinal="0" offset="0" sl="95" sc="5" el="95" ec="5" bec="0" bev="0" fileid="2" />
                <SequencePoint vc="197" uspid="791" ordinal="0" offset="1" sl="96" sc="9" el="96" ec="9" bec="0" bev="0" fileid="2" />
                <SequencePoint vc="197" uspid="792" ordinal="0" offset="24" sl="98" sc="9" el="98" ec="9" bec="0" bev="0" fileid="2" />
                <SequencePoint vc="197" uspid="793" ordinal="0" offset="47" sl="99" sc="9" el="99" ec="9" bec="0" bev="0" fileid="2" />
                <SequencePoint vc="197" uspid="794" ordinal="0" offset="148" sl="100" sc="5" el="100" ec="5" bec="0" bev="0" fileid="2" />
              </SequencePoints>
              <BranchPoints />
            </Method>
            <Method visited="true" cyclomaticComplexity="0" nPathComplexity="0" sequenceCoverage="100.0" branchCoverage="0" crapScore="0" isConstructor="false" isStatic="false" isGetter="false" isSetter="false">
              <Summary numSequencePoints="15" visitedSequencePoints="15" numBranchPoints="0" visitedBranchPoints="0" sequenceCoverage="100.0" branchCoverage="0" maxCyclomaticComplexity="0" minCyclomaticComplexity="0" maxCrapScore="0" minCrapScore="0" visitedClasses="0" numClasses="0" visitedMethods="1" numMethods="1" />
              <MetadataToken>100663306</MetadataToken>
              <Name>System.Void EnemyAi::AttackPlayer()</Name>
              <FileRef uid="2" />
              <SequencePoints>
                <SequencePoint vc="1009" uspid="795" ordinal="0" offset="0" sl="103" sc="5" el="103" ec="5" bec="0" bev="0" fileid="2" />
                <SequencePoint vc="1009" uspid="796" ordinal="0" offset="1" sl="106" sc="9" el="106" ec="9" bec="0" bev="0" fileid="2" />
                <SequencePoint vc="1009" uspid="797" ordinal="0" offset="29" sl="108" sc="9" el="108" ec="9" bec="0" bev="0" fileid="2" />
                <SequencePoint vc="1009" uspid="798" ordinal="0" offset="46" sl="110" sc="9" el="110" ec="9" bec="0" bev="0" fileid="2" />
                <SequencePoint vc="1009" uspid="799" ordinal="0" offset="69" sl="111" sc="9" el="111" ec="9" bec="0" bev="0" fileid="2" />
                <SequencePoint vc="1009" uspid="800" ordinal="0" offset="170" sl="114" sc="9" el="114" ec="9" bec="0" bev="0" fileid="2" />
                <SequencePoint vc="15" uspid="801" ordinal="0" offset="186" sl="115" sc="9" el="115" ec="9" bec="0" bev="0" fileid="2" />
                <SequencePoint vc="15" uspid="802" ordinal="0" offset="187" sl="116" sc="13" el="116" ec="13" bec="0" bev="0" fileid="2" />
                <SequencePoint vc="15" uspid="803" ordinal="0" offset="204" sl="119" sc="13" el="119" ec="13" bec="0" bev="0" fileid="2" />
                <SequencePoint vc="15" uspid="804" ordinal="0" offset="237" sl="120" sc="13" el="120" ec="13" bec="0" bev="0" fileid="2" />
                <SequencePoint vc="15" uspid="805" ordinal="0" offset="267" sl="121" sc="13" el="121" ec="13" bec="0" bev="0" fileid="2" />
                <SequencePoint vc="15" uspid="806" ordinal="0" offset="297" sl="124" sc="13" el="124" ec="13" bec="0" bev="0" fileid="2" />
                <SequencePoint vc="15" uspid="807" ordinal="0" offset="304" sl="125" sc="13" el="125" ec="13" bec="0" bev="0" fileid="2" />
                <SequencePoint vc="15" uspid="808" ordinal="0" offset="322" sl="126" sc="9" el="126" ec="9" bec="0" bev="0" fileid="2" />
                <SequencePoint vc="1009" uspid="809" ordinal="0" offset="323" sl="127" sc="5" el="127" ec="5" bec="0" bev="0" fileid="2" />
              </SequencePoints>
              <BranchPoints />
            </Method>
            <Method visited="true" cyclomaticComplexity="0" nPathComplexity="0" sequenceCoverage="100.0" branchCoverage="0" crapScore="0" isConstructor="false" isStatic="false" isGetter="false" isSetter="false">
              <Summary numSequencePoints="3" visitedSequencePoints="3" numBranchPoints="0" visitedBranchPoints="0" sequenceCoverage="100.0" branchCoverage="0" maxCyclomaticComplexity="0" minCyclomaticComplexity="0" maxCrapScore="0" minCrapScore="0" visitedClasses="0" numClasses="0" visitedMethods="1" numMethods="1" />
              <MetadataToken>100663307</MetadataToken>
              <Name>System.Void EnemyAi::ResetAttack()</Name>
              <FileRef uid="2" />
              <SequencePoints>
                <SequencePoint vc="14" uspid="810" ordinal="0" offset="0" sl="129" sc="5" el="129" ec="5" bec="0" bev="0" fileid="2" />
                <SequencePoint vc="14" uspid="811" ordinal="0" offset="1" sl="130" sc="9" el="130" ec="9" bec="0" bev="0" fileid="2" />
                <SequencePoint vc="14" uspid="812" ordinal="0" offset="8" sl="131" sc="5" el="131" ec="5" bec="0" bev="0" fileid="2" />
              </SequencePoints>
              <BranchPoints />
            </Method>
          </Methods>
        </Class>
        <Class>
          <Summary numSequencePoints="60" visitedSequencePoints="51" numBranchPoints="0" visitedBranchPoints="0" sequenceCoverage="85.00" branchCoverage="0.0" maxCyclomaticComplexity="0" minCyclomaticComplexity="0" maxCrapScore="0" minCrapScore="0" visitedClasses="1" numClasses="1" visitedMethods="7" numMethods="7" />
          <FullName>Gun</FullName>
          <Methods>
            <Method visited="true" cyclomaticComplexity="0" nPathComplexity="0" sequenceCoverage="100.0" branchCoverage="0" crapScore="0" isConstructor="false" isStatic="false" isGetter="false" isSetter="false">
              <Summary numSequencePoints="4" visitedSequencePoints="4" numBranchPoints="0" visitedBranchPoints="0" sequenceCoverage="100.0" branchCoverage="0" maxCyclomaticComplexity="0" minCyclomaticComplexity="0" maxCrapScore="0" minCrapScore="0" visitedClasses="0" numClasses="0" visitedMethods="1" numMethods="1" />
              <MetadataToken>100663318</MetadataToken>
              <Name>System.Void Gun::Start()</Name>
              <FileRef uid="3" />
              <SequencePoints>
                <SequencePoint vc="7" uspid="830" ordinal="0" offset="0" sl="142" sc="18" el="142" ec="18" bec="0" bev="0" fileid="3" />
                <SequencePoint vc="7" uspid="831" ordinal="0" offset="1" sl="144" sc="9" el="144" ec="9" bec="0" bev="0" fileid="3" />
                <SequencePoint vc="7" uspid="832" ordinal="0" offset="13" sl="146" sc="9" el="146" ec="9" bec="0" bev="0" fileid="3" />
                <SequencePoint vc="7" uspid="833" ordinal="0" offset="24" sl="147" sc="5" el="147" ec="5" bec="0" bev="0" fileid="3" />
              </SequencePoints>
              <BranchPoints />
            </Method>
            <Method visited="true" cyclomaticComplexity="0" nPathComplexity="0" sequenceCoverage="68.42" branchCoverage="0" crapScore="0" isConstructor="false" isStatic="false" isGetter="false" isSetter="false">
              <Summary numSequencePoints="19" visitedSequencePoints="13" numBranchPoints="0" visitedBranchPoints="0" sequenceCoverage="68.42" branchCoverage="0" maxCyclomaticComplexity="0" minCyclomaticComplexity="0" maxCrapScore="0" minCrapScore="0" visitedClasses="0" numClasses="0" visitedMethods="1" numMethods="1" />
              <MetadataToken>100663319</MetadataToken>
              <Name>System.Void Gun::Update()</Name>
              <FileRef uid="3" />
              <SequencePoints>
                <SequencePoint vc="18571" uspid="834" ordinal="0" offset="0" sl="149" sc="19" el="149" ec="19" bec="0" bev="0" fileid="3" />
                <SequencePoint vc="18571" uspid="835" ordinal="0" offset="1" sl="150" sc="9" el="150" ec="9" bec="0" bev="0" fileid="3" />
                <SequencePoint vc="75" uspid="836" ordinal="0" offset="22" sl="153" sc="17" el="153" ec="17" bec="0" bev="0" fileid="3" />
                <SequencePoint vc="7" uspid="837" ordinal="0" offset="39" sl="153" sc="47" el="153" ec="47" bec="0" bev="0" fileid="3" />
                <SequencePoint vc="7" uspid="838" ordinal="0" offset="40" sl="154" sc="21" el="154" ec="21" bec="0" bev="0" fileid="3" />
                <SequencePoint vc="7" uspid="839" ordinal="0" offset="47" sl="155" sc="17" el="155" ec="17" bec="0" bev="0" fileid="3" />
                <SequencePoint vc="75" uspid="840" ordinal="0" offset="48" sl="156" sc="17" el="156" ec="17" bec="0" bev="0" fileid="3" />
                <SequencePoint vc="0" uspid="841" ordinal="0" offset="50" sl="159" sc="17" el="159" ec="17" bec="0" bev="0" fileid="3" />
                <SequencePoint vc="0" uspid="842" ordinal="0" offset="67" sl="159" sc="47" el="159" ec="47" bec="0" bev="0" fileid="3" />
                <SequencePoint vc="0" uspid="843" ordinal="0" offset="68" sl="160" sc="21" el="160" ec="21" bec="0" bev="0" fileid="3" />
                <SequencePoint vc="0" uspid="844" ordinal="0" offset="80" sl="161" sc="21" el="161" ec="21" bec="0" bev="0" fileid="3" />
                <SequencePoint vc="0" uspid="845" ordinal="0" offset="87" sl="162" sc="17" el="162" ec="17" bec="0" bev="0" fileid="3" />
                <SequencePoint vc="0" uspid="846" ordinal="0" offset="88" sl="163" sc="17" el="163" ec="17" bec="0" bev="0" fileid="3" />
                <SequencePoint vc="18571" uspid="847" ordinal="0" offset="90" sl="167" sc="9" el="167" ec="9" bec="0" bev="0" fileid="3" />
                <SequencePoint vc="18571" uspid="848" ordinal="0" offset="102" sl="168" sc="9" el="168" ec="9" bec="0" bev="0" fileid="3" />
                <SequencePoint vc="18571" uspid="849" ordinal="0" offset="131" sl="169" sc="9" el="169" ec="9" bec="0" bev="0" fileid="3" />
                <SequencePoint vc="18571" uspid="850" ordinal="0" offset="160" sl="170" sc="9" el="170" ec="9" bec="0" bev="0" fileid="3" />
                <SequencePoint vc="18571" uspid="851" ordinal="0" offset="189" sl="173" sc="9" el="173" ec="9" bec="0" bev="0" fileid="3" />
                <SequencePoint vc="18571" uspid="852" ordinal="0" offset="234" sl="187" sc="5" el="187" ec="5" bec="0" bev="0" fileid="3" />
              </SequencePoints>
              <BranchPoints />
            </Method>
            <Method visited="true" cyclomaticComplexity="0" nPathComplexity="0" sequenceCoverage="87.50" branchCoverage="0" crapScore="0" isConstructor="false" isStatic="false" isGetter="false" isSetter="false">
              <Summary numSequencePoints="24" visitedSequencePoints="21" numBranchPoints="0" visitedBranchPoints="0" sequenceCoverage="87.50" branchCoverage="0" maxCyclomaticComplexity="0" minCyclomaticComplexity="0" maxCrapScore="0" minCrapScore="0" visitedClasses="0" numClasses="0" visitedMethods="1" numMethods="1" />
              <MetadataToken>100663320</MetadataToken>
              <Name>System.Void Gun::Shoot()</Name>
              <FileRef uid="3" />
              <SequencePoints>
                <SequencePoint vc="7" uspid="853" ordinal="0" offset="0" sl="190" sc="25" el="190" ec="25" bec="0" bev="0" fileid="3" />
                <SequencePoint vc="7" uspid="854" ordinal="0" offset="1" sl="192" sc="9" el="192" ec="9" bec="0" bev="0" fileid="3" />
                <SequencePoint vc="7" uspid="855" ordinal="0" offset="17" sl="192" sc="44" el="192" ec="44" bec="0" bev="0" fileid="3" />
                <SequencePoint vc="7" uspid="856" ordinal="0" offset="18" sl="193" sc="17" el="193" ec="17" bec="0" bev="0" fileid="3" />
                <SequencePoint vc="25" uspid="857" ordinal="0" offset="25" sl="193" sc="52" el="193" ec="52" bec="0" bev="0" fileid="3" />
                <SequencePoint vc="25" uspid="858" ordinal="0" offset="26" sl="195" sc="17" el="195" ec="17" bec="0" bev="0" fileid="3" />
                <SequencePoint vc="25" uspid="859" ordinal="0" offset="43" sl="197" sc="17" el="197" ec="17" bec="0" bev="0" fileid="3" />
                <SequencePoint vc="25" uspid="860" ordinal="0" offset="87" sl="201" sc="17" el="201" ec="17" bec="0" bev="0" fileid="3" />
                <SequencePoint vc="25" uspid="861" ordinal="0" offset="153" sl="207" sc="17" el="207" ec="17" bec="0" bev="0" fileid="3" />
                <SequencePoint vc="25" uspid="862" ordinal="0" offset="160" sl="208" sc="17" el="208" ec="17" bec="0" bev="0" fileid="3" />
                <SequencePoint vc="25" uspid="863" ordinal="0" offset="189" sl="209" sc="13" el="209" ec="13" bec="0" bev="0" fileid="3" />
                <SequencePoint vc="25" uspid="864" ordinal="0" offset="190" sl="193" sc="47" el="193" ec="47" bec="0" bev="0" fileid="3" />
                <SequencePoint vc="32" uspid="865" ordinal="0" offset="194" sl="193" sc="28" el="193" ec="28" bec="0" bev="0" fileid="3" />
                <SequencePoint vc="7" uspid="866" ordinal="0" offset="212" sl="211" sc="13" el="211" ec="13" bec="0" bev="0" fileid="3" />
                <SequencePoint vc="7" uspid="867" ordinal="0" offset="226" sl="212" sc="13" el="212" ec="13" bec="0" bev="0" fileid="3" />
                <SequencePoint vc="7" uspid="868" ordinal="0" offset="241" sl="212" sc="41" el="212" ec="41" bec="0" bev="0" fileid="3" />
                <SequencePoint vc="7" uspid="869" ordinal="0" offset="242" sl="213" sc="17" el="213" ec="17" bec="0" bev="0" fileid="3" />
                <SequencePoint vc="7" uspid="870" ordinal="0" offset="266" sl="214" sc="17" el="214" ec="17" bec="0" bev="0" fileid="3" />
                <SequencePoint vc="7" uspid="871" ordinal="0" offset="273" sl="215" sc="13" el="215" ec="13" bec="0" bev="0" fileid="3" />
                <SequencePoint vc="0" uspid="872" ordinal="0" offset="276" sl="215" sc="20" el="215" ec="20" bec="0" bev="0" fileid="3" />
                <SequencePoint vc="0" uspid="873" ordinal="0" offset="277" sl="216" sc="17" el="216" ec="17" bec="0" bev="0" fileid="3" />
                <SequencePoint vc="0" uspid="874" ordinal="0" offset="284" sl="217" sc="13" el="217" ec="13" bec="0" bev="0" fileid="3" />
                <SequencePoint vc="7" uspid="875" ordinal="0" offset="285" sl="218" sc="9" el="218" ec="9" bec="0" bev="0" fileid="3" />
                <SequencePoint vc="7" uspid="876" ordinal="0" offset="286" sl="219" sc="5" el="219" ec="5" bec="0" bev="0" fileid="3" />
              </SequencePoints>
              <BranchPoints />
            </Method>
            <Method visited="true" cyclomaticComplexity="0" nPathComplexity="0" sequenceCoverage="100.0" branchCoverage="0" crapScore="0" isConstructor="false" isStatic="false" isGetter="false" isSetter="false">
              <Summary numSequencePoints="4" visitedSequencePoints="4" numBranchPoints="0" visitedBranchPoints="0" sequenceCoverage="100.0" branchCoverage="0" maxCyclomaticComplexity="0" minCyclomaticComplexity="0" maxCrapScore="0" minCrapScore="0" visitedClasses="0" numClasses="0" visitedMethods="1" numMethods="1" />
              <MetadataToken>100663322</MetadataToken>
              <Name>System.Void Gun::TriggerReleased(UnityEngine.XR.Interaction.Toolkit.DeactivateEventArgs)</Name>
              <FileRef uid="3" />
              <SequencePoints>
                <SequencePoint vc="10193" uspid="886" ordinal="0" offset="0" sl="234" sc="5" el="234" ec="5" bec="0" bev="0" fileid="3" />
                <SequencePoint vc="10193" uspid="887" ordinal="0" offset="1" sl="236" sc="9" el="236" ec="9" bec="0" bev="0" fileid="3" />
                <SequencePoint vc="10193" uspid="888" ordinal="0" offset="8" sl="237" sc="9" el="237" ec="9" bec="0" bev="0" fileid="3" />
                <SequencePoint vc="10193" uspid="889" ordinal="0" offset="19" sl="238" sc="5" el="238" ec="5" bec="0" bev="0" fileid="3" />
              </SequencePoints>
              <BranchPoints />
            </Method>
            <Method visited="true" cyclomaticComplexity="0" nPathComplexity="0" sequenceCoverage="100.0" branchCoverage="0" crapScore="0" isConstructor="false" isStatic="false" isGetter="false" isSetter="false">
              <Summary numSequencePoints="3" visitedSequencePoints="3" numBranchPoints="0" visitedBranchPoints="0" sequenceCoverage="100.0" branchCoverage="0" maxCyclomaticComplexity="0" minCyclomaticComplexity="0" maxCrapScore="0" minCrapScore="0" visitedClasses="0" numClasses="0" visitedMethods="1" numMethods="1" />
              <MetadataToken>100663323</MetadataToken>
              <Name>System.Void Gun::TriggerPulled(UnityEngine.XR.Interaction.Toolkit.ActivateEventArgs)</Name>
              <FileRef uid="3" />
              <SequencePoints>
                <SequencePoint vc="8308" uspid="890" ordinal="0" offset="0" sl="243" sc="5" el="243" ec="5" bec="0" bev="0" fileid="3" />
                <SequencePoint vc="8308" uspid="891" ordinal="0" offset="1" sl="245" sc="9" el="245" ec="9" bec="0" bev="0" fileid="3" />
                <SequencePoint vc="8308" uspid="892" ordinal="0" offset="8" sl="246" sc="5" el="246" ec="5" bec="0" bev="0" fileid="3" />
              </SequencePoints>
              <BranchPoints />
            </Method>
            <Method visited="true" cyclomaticComplexity="0" nPathComplexity="0" sequenceCoverage="100.0" branchCoverage="0" crapScore="0" isConstructor="false" isStatic="false" isGetter="false" isSetter="false">
              <Summary numSequencePoints="4" visitedSequencePoints="4" numBranchPoints="0" visitedBranchPoints="0" sequenceCoverage="100.0" branchCoverage="0" maxCyclomaticComplexity="0" minCyclomaticComplexity="0" maxCrapScore="0" minCrapScore="0" visitedClasses="0" numClasses="0" visitedMethods="1" numMethods="1" />
              <MetadataToken>100663324</MetadataToken>
              <Name>System.Void Gun::DroppedGun(UnityEngine.XR.Interaction.Toolkit.SelectExitEventArgs)</Name>
              <FileRef uid="3" />
              <SequencePoints>
                <SequencePoint vc="10193" uspid="893" ordinal="0" offset="0" sl="251" sc="5" el="251" ec="5" bec="0" bev="0" fileid="3" />
                <SequencePoint vc="10193" uspid="894" ordinal="0" offset="1" sl="253" sc="9" el="253" ec="9" bec="0" bev="0" fileid="3" />
                <SequencePoint vc="10193" uspid="895" ordinal="0" offset="8" sl="254" sc="9" el="254" ec="9" bec="0" bev="0" fileid="3" />
                <SequencePoint vc="10193" uspid="896" ordinal="0" offset="19" sl="255" sc="5" el="255" ec="5" bec="0" bev="0" fileid="3" />
              </SequencePoints>
              <BranchPoints />
            </Method>
            <Method visited="true" cyclomaticComplexity="0" nPathComplexity="0" sequenceCoverage="100.0" branchCoverage="0" crapScore="0" isConstructor="true" isStatic="false" isGetter="false" isSetter="false">
              <Summary numSequencePoints="2" visitedSequencePoints="2" numBranchPoints="0" visitedBranchPoints="0" sequenceCoverage="100.0" branchCoverage="0" maxCyclomaticComplexity="0" minCyclomaticComplexity="0" maxCrapScore="0" minCrapScore="0" visitedClasses="0" numClasses="0" visitedMethods="1" numMethods="1" />
              <MetadataToken>100663327</MetadataToken>
              <Name>Gun::Gun()</Name>
              <FileRef uid="3" />
              <SequencePoints>
                <SequencePoint vc="7" uspid="901" ordinal="0" offset="0" sl="137" sc="5" el="137" ec="5" bec="0" bev="0" fileid="3" />
                <SequencePoint vc="7" uspid="902" ordinal="0" offset="7" sl="140" sc="5" el="140" ec="5" bec="0" bev="0" fileid="3" />
              </SequencePoints>
              <BranchPoints />
            </Method>
          </Methods>
        </Class>
        <Class>
          <Summary numSequencePoints="33" visitedSequencePoints="22" numBranchPoints="0" visitedBranchPoints="0" sequenceCoverage="66.67" branchCoverage="0.0" maxCyclomaticComplexity="0" minCyclomaticComplexity="0" maxCrapScore="0" minCrapScore="0" visitedClasses="1" numClasses="1" visitedMethods="1" numMethods="1" />
          <FullName>Round</FullName>
          <Methods>
            <Method visited="true" cyclomaticComplexity="0" nPathComplexity="0" sequenceCoverage="66.67" branchCoverage="0" crapScore="0" isConstructor="false" isStatic="false" isGetter="false" isSetter="false">
              <Summary numSequencePoints="33" visitedSequencePoints="22" numBranchPoints="0" visitedBranchPoints="0" sequenceCoverage="66.67" branchCoverage="0" maxCyclomaticComplexity="0" minCyclomaticComplexity="0" maxCrapScore="0" minCrapScore="0" visitedClasses="0" numClasses="0" visitedMethods="1" numMethods="1" />
              <MetadataToken>100663329</MetadataToken>
              <Name>System.Void Round::OnTriggerEnter(UnityEngine.Collider)</Name>
              <FileRef uid="4" />
              <SequencePoints>
                <SequencePoint vc="266" uspid="903" ordinal="0" offset="0" sl="20" sc="5" el="20" ec="5" bec="0" bev="0" fileid="4" />
                <SequencePoint vc="266" uspid="904" ordinal="0" offset="1" sl="21" sc="9" el="21" ec="9" bec="0" bev="0" fileid="4" />
                <SequencePoint vc="266" uspid="905" ordinal="0" offset="13" sl="23" sc="9" el="23" ec="9" bec="0" bev="0" fileid="4" />
                <SequencePoint vc="0" uspid="906" ordinal="0" offset="24" sl="24" sc="9" el="24" ec="9" bec="0" bev="0" fileid="4" />
                <SequencePoint vc="0" uspid="907" ordinal="0" offset="25" sl="25" sc="13" el="25" ec="13" bec="0" bev="0" fileid="4" />
                <SequencePoint vc="0" uspid="908" ordinal="0" offset="36" sl="27" sc="13" el="27" ec="13" bec="0" bev="0" fileid="4" />
                <SequencePoint vc="0" uspid="909" ordinal="0" offset="50" sl="29" sc="13" el="29" ec="13" bec="0" bev="0" fileid="4" />
                <SequencePoint vc="0" uspid="910" ordinal="0" offset="94" sl="31" sc="13" el="31" ec="13" bec="0" bev="0" fileid="4" />
                <SequencePoint vc="0" uspid="911" ordinal="0" offset="106" sl="32" sc="9" el="32" ec="9" bec="0" bev="0" fileid="4" />
                <SequencePoint vc="266" uspid="912" ordinal="0" offset="109" sl="34" sc="9" el="34" ec="9" bec="0" bev="0" fileid="4" />
                <SequencePoint vc="266" uspid="913" ordinal="0" offset="110" sl="35" sc="13" el="35" ec="13" bec="0" bev="0" fileid="4" />
                <SequencePoint vc="266" uspid="914" ordinal="0" offset="123" sl="36" sc="9" el="36" ec="9" bec="0" bev="0" fileid="4" />
                <SequencePoint vc="266" uspid="915" ordinal="0" offset="124" sl="38" sc="9" el="38" ec="9" bec="0" bev="0" fileid="4" />
                <SequencePoint vc="266" uspid="916" ordinal="0" offset="136" sl="41" sc="9" el="41" ec="9" bec="0" bev="0" fileid="4" />
                <SequencePoint vc="24" uspid="917" ordinal="0" offset="149" sl="42" sc="9" el="42" ec="9" bec="0" bev="0" fileid="4" />
                <SequencePoint vc="24" uspid="918" ordinal="0" offset="150" sl="43" sc="13" el="43" ec="13" bec="0" bev="0" fileid="4" />
                <SequencePoint vc="24" uspid="919" ordinal="0" offset="161" sl="45" sc="13" el="45" ec="13" bec="0" bev="0" fileid="4" />
                <SequencePoint vc="24" uspid="920" ordinal="0" offset="175" sl="47" sc="13" el="47" ec="13" bec="0" bev="0" fileid="4" />
                <SequencePoint vc="24" uspid="921" ordinal="0" offset="187" sl="49" sc="9" el="49" ec="9" bec="0" bev="0" fileid="4" />
                <SequencePoint vc="242" uspid="922" ordinal="0" offset="190" sl="52" sc="9" el="52" ec="9" bec="0" bev="0" fileid="4" />
                <SequencePoint vc="242" uspid="923" ordinal="0" offset="191" sl="53" sc="13" el="53" ec="13" bec="0" bev="0" fileid="4" />
                <SequencePoint vc="242" uspid="924" ordinal="0" offset="204" sl="54" sc="9" el="54" ec="9" bec="0" bev="0" fileid="4" />
                <SequencePoint vc="266" uspid="925" ordinal="0" offset="205" sl="56" sc="9" el="56" ec="9" bec="0" bev="0" fileid="4" />
                <SequencePoint vc="266" uspid="926" ordinal="0" offset="217" sl="59" sc="9" el="59" ec="9" bec="0" bev="0" fileid="4" />
                <SequencePoint vc="0" uspid="927" ordinal="0" offset="230" sl="60" sc="9" el="60" ec="9" bec="0" bev="0" fileid="4" />
                <SequencePoint vc="0" uspid="928" ordinal="0" offset="231" sl="61" sc="13" el="61" ec="13" bec="0" bev="0" fileid="4" />
                <SequencePoint vc="0" uspid="929" ordinal="0" offset="242" sl="63" sc="13" el="63" ec="13" bec="0" bev="0" fileid="4" />
                <SequencePoint vc="0" uspid="930" ordinal="0" offset="255" sl="65" sc="13" el="65" ec="13" bec="0" bev="0" fileid="4" />
                <SequencePoint vc="0" uspid="931" ordinal="0" offset="267" sl="67" sc="9" el="67" ec="9" bec="0" bev="0" fileid="4" />
                <SequencePoint vc="266" uspid="932" ordinal="0" offset="270" sl="69" sc="9" el="69" ec="9" bec="0" bev="0" fileid="4" />
                <SequencePoint vc="266" uspid="933" ordinal="0" offset="271" sl="70" sc="13" el="70" ec="13" bec="0" bev="0" fileid="4" />
                <SequencePoint vc="266" uspid="934" ordinal="0" offset="284" sl="72" sc="9" el="72" ec="9" bec="0" bev="0" fileid="4" />
                <SequencePoint vc="266" uspid="935" ordinal="0" offset="285" sl="73" sc="5" el="73" ec="5" bec="0" bev="0" fileid="4" />
              </SequencePoints>
              <BranchPoints />
            </Method>
          </Methods>
        </Class>
        <Class>
          <Summary numSequencePoints="3" visitedSequencePoints="3" numBranchPoints="0" visitedBranchPoints="0" sequenceCoverage="100.0" branchCoverage="0.0" maxCyclomaticComplexity="0" minCyclomaticComplexity="0" maxCrapScore="0" minCrapScore="0" visitedClasses="1" numClasses="1" visitedMethods="1" numMethods="1" />
          <FullName>BulletTime</FullName>
          <Methods>
            <Method visited="true" cyclomaticComplexity="0" nPathComplexity="0" sequenceCoverage="100.0" branchCoverage="0" crapScore="0" isConstructor="false" isStatic="false" isGetter="false" isSetter="false">
              <Summary numSequencePoints="3" visitedSequencePoints="3" numBranchPoints="0" visitedBranchPoints="0" sequenceCoverage="100.0" branchCoverage="0" maxCyclomaticComplexity="0" minCyclomaticComplexity="0" maxCrapScore="0" minCrapScore="0" visitedClasses="0" numClasses="0" visitedMethods="1" numMethods="1" />
              <MetadataToken>100663332</MetadataToken>
              <Name>System.Void BulletTime::Start()</Name>
              <FileRef uid="5" />
              <SequencePoints>
                <SequencePoint vc="1" uspid="936" ordinal="0" offset="0" sl="14" sc="5" el="14" ec="5" bec="0" bev="0" fileid="5" />
                <SequencePoint vc="1" uspid="937" ordinal="0" offset="1" sl="15" sc="9" el="15" ec="9" bec="0" bev="0" fileid="5" />
                <SequencePoint vc="1" uspid="938" ordinal="0" offset="30" sl="16" sc="5" el="16" ec="5" bec="0" bev="0" fileid="5" />
              </SequencePoints>
              <BranchPoints />
            </Method>
          </Methods>
        </Class>
        <Class>
          <Summary numSequencePoints="3" visitedSequencePoints="3" numBranchPoints="0" visitedBranchPoints="0" sequenceCoverage="100.0" branchCoverage="0.0" maxCyclomaticComplexity="0" minCyclomaticComplexity="0" maxCrapScore="0" minCrapScore="0" visitedClasses="1" numClasses="1" visitedMethods="1" numMethods="1" />
          <FullName>SpeedUpTime</FullName>
          <Methods>
            <Method visited="true" cyclomaticComplexity="0" nPathComplexity="0" sequenceCoverage="100.0" branchCoverage="0" crapScore="0" isConstructor="false" isStatic="false" isGetter="false" isSetter="false">
              <Summary numSequencePoints="3" visitedSequencePoints="3" numBranchPoints="0" visitedBranchPoints="0" sequenceCoverage="100.0" branchCoverage="0" maxCyclomaticComplexity="0" minCyclomaticComplexity="0" maxCrapScore="0" minCrapScore="0" visitedClasses="0" numClasses="0" visitedMethods="1" numMethods="1" />
              <MetadataToken>100663335</MetadataToken>
              <Name>System.Void SpeedUpTime::Start()</Name>
              <FileRef uid="6" />
              <SequencePoints>
                <SequencePoint vc="1" uspid="943" ordinal="0" offset="0" sl="14" sc="5" el="14" ec="5" bec="0" bev="0" fileid="6" />
                <SequencePoint vc="1" uspid="944" ordinal="0" offset="1" sl="15" sc="9" el="15" ec="9" bec="0" bev="0" fileid="6" />
                <SequencePoint vc="1" uspid="945" ordinal="0" offset="30" sl="16" sc="5" el="16" ec="5" bec="0" bev="0" fileid="6" />
              </SequencePoints>
              <BranchPoints />
            </Method>
          </Methods>
        </Class>
        <Class>
          <Summary numSequencePoints="7" visitedSequencePoints="7" numBranchPoints="0" visitedBranchPoints="0" sequenceCoverage="100.0" branchCoverage="0.0" maxCyclomaticComplexity="0" minCyclomaticComplexity="0" maxCrapScore="0" minCrapScore="0" visitedClasses="1" numClasses="1" visitedMethods="2" numMethods="2" />
          <FullName>TimeManager</FullName>
          <Methods>
            <Method visited="true" cyclomaticComplexity="0" nPathComplexity="0" sequenceCoverage="100.0" branchCoverage="0" crapScore="0" isConstructor="false" isStatic="false" isGetter="false" isSetter="false">
              <Summary numSequencePoints="4" visitedSequencePoints="4" numBranchPoints="0" visitedBranchPoints="0" sequenceCoverage="100.0" branchCoverage="0" maxCyclomaticComplexity="0" minCyclomaticComplexity="0" maxCrapScore="0" minCrapScore="0" visitedClasses="0" numClasses="0" visitedMethods="1" numMethods="1" />
              <MetadataToken>100663338</MetadataToken>
              <Name>System.Void TimeManager::Update()</Name>
              <FileRef uid="7" />
              <SequencePoints>
                <SequencePoint vc="2653" uspid="949" ordinal="0" offset="0" sl="11" sc="5" el="11" ec="5" bec="0" bev="0" fileid="7" />
                <SequencePoint vc="2653" uspid="950" ordinal="0" offset="1" sl="12" sc="9" el="12" ec="9" bec="0" bev="0" fileid="7" />
                <SequencePoint vc="2653" uspid="951" ordinal="0" offset="31" sl="13" sc="9" el="13" ec="9" bec="0" bev="0" fileid="7" />
                <SequencePoint vc="2653" uspid="952" ordinal="0" offset="57" sl="14" sc="5" el="14" ec="5" bec="0" bev="0" fileid="7" />
              </SequencePoints>
              <BranchPoints />
            </Method>
            <Method visited="true" cyclomaticComplexity="0" nPathComplexity="0" sequenceCoverage="100.0" branchCoverage="0" crapScore="0" isConstructor="true" isStatic="false" isGetter="false" isSetter="false">
              <Summary numSequencePoints="3" visitedSequencePoints="3" numBranchPoints="0" visitedBranchPoints="0" sequenceCoverage="100.0" branchCoverage="0" maxCyclomaticComplexity="0" minCyclomaticComplexity="0" maxCrapScore="0" minCrapScore="0" visitedClasses="0" numClasses="0" visitedMethods="1" numMethods="1" />
              <MetadataToken>100663341</MetadataToken>
              <Name>TimeManager::TimeManager()</Name>
              <FileRef uid="7" />
              <SequencePoints>
                <SequencePoint vc="1" uspid="961" ordinal="0" offset="0" sl="5" sc="5" el="5" ec="5" bec="0" bev="0" fileid="7" />
                <SequencePoint vc="1" uspid="962" ordinal="0" offset="11" sl="6" sc="5" el="6" ec="5" bec="0" bev="0" fileid="7" />
                <SequencePoint vc="1" uspid="963" ordinal="0" offset="22" sl="8" sc="5" el="8" ec="5" bec="0" bev="0" fileid="7" />
              </SequencePoints>
              <BranchPoints />
            </Method>
          </Methods>
        </Class>
        <Class>
          <Summary numSequencePoints="49" visitedSequencePoints="7" numBranchPoints="0" visitedBranchPoints="0" sequenceCoverage="14.29" branchCoverage="0.0" maxCyclomaticComplexity="0" minCyclomaticComplexity="0" maxCrapScore="0" minCrapScore="0" visitedClasses="1" numClasses="1" visitedMethods="2" numMethods="2" />
          <FullName>XRTarget</FullName>
          <Methods>
            <Method visited="true" cyclomaticComplexity="0" nPathComplexity="0" sequenceCoverage="8.70" branchCoverage="0" crapScore="0" isConstructor="false" isStatic="false" isGetter="false" isSetter="false">
              <Summary numSequencePoints="46" visitedSequencePoints="4" numBranchPoints="0" visitedBranchPoints="0" sequenceCoverage="8.70" branchCoverage="0" maxCyclomaticComplexity="0" minCyclomaticComplexity="0" maxCrapScore="0" minCrapScore="0" visitedClasses="0" numClasses="0" visitedMethods="1" numMethods="1" />
              <MetadataToken>100663342</MetadataToken>
              <Name>System.Void XRTarget::Update()</Name>
              <FileRef uid="8" />
              <SequencePoints>
                <SequencePoint vc="2653" uspid="964" ordinal="0" offset="0" sl="28" sc="5" el="28" ec="5" bec="0" bev="0" fileid="8" />
                <SequencePoint vc="2653" uspid="965" ordinal="0" offset="1" sl="29" sc="9" el="29" ec="9" bec="0" bev="0" fileid="8" />
                <SequencePoint vc="2653" uspid="966" ordinal="0" offset="34" sl="31" sc="9" el="31" ec="9" bec="0" bev="0" fileid="8" />
                <SequencePoint vc="0" uspid="967" ordinal="0" offset="57" sl="31" sc="25" el="31" ec="25" bec="0" bev="0" fileid="8" />
                <SequencePoint vc="0" uspid="968" ordinal="0" offset="58" sl="32" sc="13" el="32" ec="13" bec="0" bev="0" fileid="8" />
                <SequencePoint vc="0" uspid="969" ordinal="0" offset="76" sl="33" sc="13" el="33" ec="13" bec="0" bev="0" fileid="8" />
                <SequencePoint vc="0" uspid="970" ordinal="0" offset="77" sl="34" sc="17" el="34" ec="17" bec="0" bev="0" fileid="8" />
                <SequencePoint vc="0" uspid="971" ordinal="0" offset="93" sl="36" sc="17" el="36" ec="17" bec="0" bev="0" fileid="8" />
                <SequencePoint vc="0" uspid="972" ordinal="0" offset="94" sl="36" sc="46" el="36" ec="46" bec="0" bev="0" fileid="8" />
                <SequencePoint vc="0" uspid="973" ordinal="0" offset="105" sl="36" sc="26" el="36" ec="26" bec="0" bev="0" fileid="8" />
                <SequencePoint vc="0" uspid="974" ordinal="0" offset="110" sl="36" sc="54" el="36" ec="54" bec="0" bev="0" fileid="8" />
                <SequencePoint vc="0" uspid="975" ordinal="0" offset="111" sl="37" sc="21" el="37" ec="21" bec="0" bev="0" fileid="8" />
                <SequencePoint vc="0" uspid="976" ordinal="0" offset="120" sl="38" sc="17" el="38" ec="17" bec="0" bev="0" fileid="8" />
                <SequencePoint vc="0" uspid="977" ordinal="0" offset="125" sl="36" sc="43" el="36" ec="43" bec="0" bev="0" fileid="8" />
                <SequencePoint vc="0" uspid="978" ordinal="0" offset="131" sl="40" sc="17" el="40" ec="17" bec="0" bev="0" fileid="8" />
                <SequencePoint vc="0" uspid="979" ordinal="0" offset="144" sl="41" sc="17" el="41" ec="17" bec="0" bev="0" fileid="8" />
                <SequencePoint vc="0" uspid="980" ordinal="0" offset="157" sl="43" sc="17" el="43" ec="17" bec="0" bev="0" fileid="8" />
                <SequencePoint vc="0" uspid="981" ordinal="0" offset="170" sl="45" sc="17" el="45" ec="17" bec="0" bev="0" fileid="8" />
                <SequencePoint vc="0" uspid="982" ordinal="0" offset="183" sl="46" sc="17" el="46" ec="17" bec="0" bev="0" fileid="8" />
                <SequencePoint vc="0" uspid="983" ordinal="0" offset="196" sl="48" sc="17" el="48" ec="17" bec="0" bev="0" fileid="8" />
                <SequencePoint vc="0" uspid="984" ordinal="0" offset="209" sl="50" sc="17" el="50" ec="17" bec="0" bev="0" fileid="8" />
                <SequencePoint vc="0" uspid="985" ordinal="0" offset="222" sl="52" sc="17" el="52" ec="17" bec="0" bev="0" fileid="8" />
                <SequencePoint vc="0" uspid="986" ordinal="0" offset="229" sl="53" sc="13" el="53" ec="13" bec="0" bev="0" fileid="8" />
                <SequencePoint vc="0" uspid="987" ordinal="0" offset="235" sl="55" sc="13" el="55" ec="13" bec="0" bev="0" fileid="8" />
                <SequencePoint vc="0" uspid="988" ordinal="0" offset="236" sl="56" sc="17" el="56" ec="17" bec="0" bev="0" fileid="8" />
                <SequencePoint vc="0" uspid="989" ordinal="0" offset="259" sl="57" sc="17" el="57" ec="17" bec="0" bev="0" fileid="8" />
                <SequencePoint vc="0" uspid="990" ordinal="0" offset="260" sl="59" sc="21" el="59" ec="21" bec="0" bev="0" fileid="8" />
                <SequencePoint vc="0" uspid="991" ordinal="0" offset="276" sl="61" sc="21" el="61" ec="21" bec="0" bev="0" fileid="8" />
                <SequencePoint vc="0" uspid="992" ordinal="0" offset="277" sl="61" sc="50" el="61" ec="50" bec="0" bev="0" fileid="8" />
                <SequencePoint vc="0" uspid="993" ordinal="0" offset="290" sl="61" sc="30" el="61" ec="30" bec="0" bev="0" fileid="8" />
                <SequencePoint vc="0" uspid="994" ordinal="0" offset="297" sl="61" sc="58" el="61" ec="58" bec="0" bev="0" fileid="8" />
                <SequencePoint vc="0" uspid="995" ordinal="0" offset="298" sl="62" sc="25" el="62" ec="25" bec="0" bev="0" fileid="8" />
                <SequencePoint vc="0" uspid="996" ordinal="0" offset="307" sl="63" sc="21" el="63" ec="21" bec="0" bev="0" fileid="8" />
                <SequencePoint vc="0" uspid="997" ordinal="0" offset="314" sl="61" sc="47" el="61" ec="47" bec="0" bev="0" fileid="8" />
                <SequencePoint vc="0" uspid="998" ordinal="0" offset="322" sl="66" sc="21" el="66" ec="21" bec="0" bev="0" fileid="8" />
                <SequencePoint vc="0" uspid="999" ordinal="0" offset="335" sl="67" sc="21" el="67" ec="21" bec="0" bev="0" fileid="8" />
                <SequencePoint vc="0" uspid="1000" ordinal="0" offset="348" sl="69" sc="21" el="69" ec="21" bec="0" bev="0" fileid="8" />
                <SequencePoint vc="0" uspid="1001" ordinal="0" offset="361" sl="71" sc="21" el="71" ec="21" bec="0" bev="0" fileid="8" />
                <SequencePoint vc="0" uspid="1002" ordinal="0" offset="374" sl="72" sc="21" el="72" ec="21" bec="0" bev="0" fileid="8" />
                <SequencePoint vc="0" uspid="1003" ordinal="0" offset="387" sl="74" sc="21" el="74" ec="21" bec="0" bev="0" fileid="8" />
                <SequencePoint vc="0" uspid="1004" ordinal="0" offset="400" sl="76" sc="21" el="76" ec="21" bec="0" bev="0" fileid="8" />
                <SequencePoint vc="0" uspid="1005" ordinal="0" offset="413" sl="78" sc="21" el="78" ec="21" bec="0" bev="0" fileid="8" />
                <SequencePoint vc="0" uspid="1006" ordinal="0" offset="420" sl="79" sc="17" el="79" ec="17" bec="0" bev="0" fileid="8" />
                <SequencePoint vc="0" uspid="1007" ordinal="0" offset="421" sl="81" sc="13" el="81" ec="13" bec="0" bev="0" fileid="8" />
                <SequencePoint vc="0" uspid="1008" ordinal="0" offset="422" sl="83" sc="9" el="83" ec="9" bec="0" bev="0" fileid="8" />
                <SequencePoint vc="2653" uspid="1009" ordinal="0" offset="423" sl="84" sc="5" el="84" ec="5" bec="0" bev="0" fileid="8" />
              </SequencePoints>
              <BranchPoints />
            </Method>
            <Method visited="true" cyclomaticComplexity="0" nPathComplexity="0" sequenceCoverage="100.0" branchCoverage="0" crapScore="0" isConstructor="false" isStatic="false" isGetter="false" isSetter="false">
              <Summary numSequencePoints="3" visitedSequencePoints="3" numBranchPoints="0" visitedBranchPoints="0" sequenceCoverage="100.0" branchCoverage="0" maxCyclomaticComplexity="0" minCyclomaticComplexity="0" maxCrapScore="0" minCrapScore="0" visitedClasses="0" numClasses="0" visitedMethods="1" numMethods="1" />
              <MetadataToken>100663344</MetadataToken>
              <Name>System.Void XRTarget::Hit(System.Single)</Name>
              <FileRef uid="8" />
              <SequencePoints>
                <SequencePoint vc="24" uspid="1010" ordinal="0" offset="0" sl="95" sc="35" el="95" ec="35" bec="0" bev="0" fileid="8" />
                <SequencePoint vc="24" uspid="1011" ordinal="0" offset="1" sl="96" sc="9" el="96" ec="9" bec="0" bev="0" fileid="8" />
                <SequencePoint vc="24" uspid="1012" ordinal="0" offset="15" sl="97" sc="5" el="97" ec="5" bec="0" bev="0" fileid="8" />
              </SequencePoints>
              <BranchPoints />
            </Method>
          </Methods>
        </Class>
        <Class>
          <Summary numSequencePoints="7" visitedSequencePoints="7" numBranchPoints="0" visitedBranchPoints="0" sequenceCoverage="100.0" branchCoverage="0.0" maxCyclomaticComplexity="0" minCyclomaticComplexity="0" maxCrapScore="0" minCrapScore="0" visitedClasses="1" numClasses="1" visitedMethods="2" numMethods="2" />
          <FullName>PauseMenu.PauseMenu</FullName>
          <Methods>
            <Method visited="true" cyclomaticComplexity="0" nPathComplexity="0" sequenceCoverage="100.0" branchCoverage="0" crapScore="0" isConstructor="false" isStatic="false" isGetter="false" isSetter="false">
              <Summary numSequencePoints="5" visitedSequencePoints="5" numBranchPoints="0" visitedBranchPoints="0" sequenceCoverage="100.0" branchCoverage="0" maxCyclomaticComplexity="0" minCyclomaticComplexity="0" maxCrapScore="0" minCrapScore="0" visitedClasses="0" numClasses="0" visitedMethods="1" numMethods="1" />
              <MetadataToken>100663346</MetadataToken>
              <Name>System.Void PauseMenu.PauseMenu::Awake()</Name>
              <FileRef uid="9" />
              <SequencePoints>
                <SequencePoint vc="1" uspid="1013" ordinal="0" offset="0" sl="29" sc="9" el="29" ec="9" bec="0" bev="0" fileid="9" />
                <SequencePoint vc="1" uspid="1014" ordinal="0" offset="1" sl="30" sc="13" el="30" ec="13" bec="0" bev="0" fileid="9" />
                <SequencePoint vc="1" uspid="1015" ordinal="0" offset="7" sl="32" sc="13" el="32" ec="13" bec="0" bev="0" fileid="9" />
                <SequencePoint vc="1" uspid="1016" ordinal="0" offset="36" sl="33" sc="13" el="33" ec="13" bec="0" bev="0" fileid="9" />
                <SequencePoint vc="1" uspid="1017" ordinal="0" offset="65" sl="34" sc="9" el="34" ec="9" bec="0" bev="0" fileid="9" />
              </SequencePoints>
              <BranchPoints />
            </Method>
            <Method visited="true" cyclomaticComplexity="0" nPathComplexity="0" sequenceCoverage="100.0" branchCoverage="0" crapScore="0" isConstructor="true" isStatic="false" isGetter="false" isSetter="false">
              <Summary numSequencePoints="2" visitedSequencePoints="2" numBranchPoints="0" visitedBranchPoints="0" sequenceCoverage="100.0" branchCoverage="0" maxCyclomaticComplexity="0" minCyclomaticComplexity="0" maxCrapScore="0" minCrapScore="0" visitedClasses="0" numClasses="0" visitedMethods="1" numMethods="1" />
              <MetadataToken>100663354</MetadataToken>
              <Name>PauseMenu.PauseMenu::PauseMenu()</Name>
              <FileRef uid="9" />
              <SequencePoints>
                <SequencePoint vc="1" uspid="1069" ordinal="0" offset="0" sl="14" sc="9" el="14" ec="9" bec="0" bev="0" fileid="9" />
                <SequencePoint vc="1" uspid="1070" ordinal="0" offset="7" sl="15" sc="9" el="15" ec="9" bec="0" bev="0" fileid="9" />
              </SequencePoints>
              <BranchPoints />
            </Method>
          </Methods>
        </Class>
        <Class>
          <Summary numSequencePoints="1" visitedSequencePoints="1" numBranchPoints="0" visitedBranchPoints="0" sequenceCoverage="100.0" branchCoverage="0.0" maxCyclomaticComplexity="0" minCyclomaticComplexity="0" maxCrapScore="0" minCrapScore="0" visitedClasses="1" numClasses="1" visitedMethods="1" numMethods="1" />
          <FullName>AudioManager/&lt;&gt;c__DisplayClass4_0</FullName>
          <Methods>
            <Method visited="true" cyclomaticComplexity="0" nPathComplexity="0" sequenceCoverage="100.0" branchCoverage="0" crapScore="0" isConstructor="false" isStatic="false" isGetter="false" isSetter="false">
              <Summary numSequencePoints="1" visitedSequencePoints="1" numBranchPoints="0" visitedBranchPoints="0" sequenceCoverage="100.0" branchCoverage="0" maxCyclomaticComplexity="0" minCyclomaticComplexity="0" maxCrapScore="0" minCrapScore="0" visitedClasses="0" numClasses="0" visitedMethods="1" numMethods="1" />
              <MetadataToken>100663356</MetadataToken>
              <Name>System.Boolean AudioManager/&lt;&gt;c__DisplayClass4_0::&lt;Play&gt;b__0(Sound)</Name>
              <FileRef uid="1" />
              <SequencePoints>
                <SequencePoint vc="40" uspid="1071" ordinal="0" offset="0" sl="38" sc="40" el="38" ec="40" bec="0" bev="0" fileid="1" />
              </SequencePoints>
              <BranchPoints />
            </Method>
          </Methods>
        </Class>
        <Class>
          <Summary numSequencePoints="6" visitedSequencePoints="6" numBranchPoints="0" visitedBranchPoints="0" sequenceCoverage="100.0" branchCoverage="0.0" maxCyclomaticComplexity="0" minCyclomaticComplexity="0" maxCrapScore="0" minCrapScore="0" visitedClasses="1" numClasses="1" visitedMethods="1" numMethods="1" />
          <FullName>Round/&lt;Wait&gt;d__5</FullName>
          <Methods>
            <Method visited="true" cyclomaticComplexity="0" nPathComplexity="0" sequenceCoverage="100.0" branchCoverage="0" crapScore="0" isConstructor="false" isStatic="false" isGetter="false" isSetter="false">
              <Summary numSequencePoints="6" visitedSequencePoints="6" numBranchPoints="0" visitedBranchPoints="0" sequenceCoverage="100.0" branchCoverage="0" maxCyclomaticComplexity="0" minCyclomaticComplexity="0" maxCrapScore="0" minCrapScore="0" visitedClasses="0" numClasses="0" visitedMethods="1" numMethods="1" />
              <MetadataToken>100663359</MetadataToken>
              <Name>System.Boolean Round/&lt;Wait&gt;d__5::MoveNext()</Name>
              <FileRef uid="4" />
              <SequencePoints>
                <SequencePoint vc="774" uspid="1072" ordinal="0" offset="31" sl="76" sc="5" el="76" ec="5" bec="0" bev="0" fileid="4" />
                <SequencePoint vc="774" uspid="1073" ordinal="0" offset="32" sl="77" sc="9" el="77" ec="9" bec="0" bev="0" fileid="4" />
                <SequencePoint vc="774" uspid="1074" ordinal="0" offset="43" sl="79" sc="9" el="79" ec="9" bec="0" bev="0" fileid="4" />
                <SequencePoint vc="27" uspid="1075" ordinal="0" offset="75" sl="80" sc="9" el="80" ec="9" bec="0" bev="0" fileid="4" />
                <SequencePoint vc="27" uspid="1076" ordinal="0" offset="86" sl="81" sc="9" el="81" ec="9" bec="0" bev="0" fileid="4" />
                <SequencePoint vc="27" uspid="1077" ordinal="0" offset="103" sl="82" sc="5" el="82" ec="5" bec="0" bev="0" fileid="4" />
              </SequencePoints>
              <BranchPoints />
            </Method>
          </Methods>
        </Class>
      </Classes>
    </Module>
  </Modules>
</CoverageSession>