<?xml version="1.0" encoding="utf-8"?>
<CoverageSession xmlns:xsd="http://www.w3.org/2001/XMLSchema" xmlns:xsi="http://www.w3.org/2001/XMLSchema-instance" Version="0.0.0.0">
  <Summary numSequencePoints="300" visitedSequencePoints="0" numBranchPoints="0" visitedBranchPoints="0" sequenceCoverage="0.0" branchCoverage="0.0" maxCyclomaticComplexity="0" minCyclomaticComplexity="0" maxCrapScore="0" minCrapScore="0" visitedClasses="0" numClasses="11" visitedMethods="0" numMethods="37" />
  <Modules>
    <Module>
      <Summary numSequencePoints="300" visitedSequencePoints="0" numBranchPoints="0" visitedBranchPoints="0" sequenceCoverage="0.0" branchCoverage="0.0" maxCyclomaticComplexity="0" minCyclomaticComplexity="0" maxCrapScore="0" minCrapScore="0" visitedClasses="0" numClasses="11" visitedMethods="0" numMethods="37" />
      <ModuleTime>0001-01-01T00:00:00</ModuleTime>
      <ModuleName>Test</ModuleName>
      <Files>
        <File uid="1" fullPath="D:/--UnityProject/VR/VRExplorer_subjects/VGuns-Unity-VR/Assets/Test/AudioManager.cs" />
        <File uid="2" fullPath="D:/--UnityProject/VR/VRExplorer_subjects/VGuns-Unity-VR/Assets/Test/Enemy/EnemyAi.cs" />
        <File uid="3" fullPath="D:/--UnityProject/VR/VRExplorer_subjects/VGuns-Unity-VR/Assets/Test/Gun.cs" />
        <File uid="4" fullPath="D:/--UnityProject/VR/VRExplorer_subjects/VGuns-Unity-VR/Assets/Test/Round.cs" />
        <File uid="5" fullPath="D:/--UnityProject/VR/VRExplorer_subjects/VGuns-Unity-VR/Assets/Test/Time/BulletTime.cs" />
        <File uid="6" fullPath="D:/--UnityProject/VR/VRExplorer_subjects/VGuns-Unity-VR/Assets/Test/Time/SpeedUpTime.cs" />
        <File uid="7" fullPath="D:/--UnityProject/VR/VRExplorer_subjects/VGuns-Unity-VR/Assets/Test/Time/TimeManager.cs" />
        <File uid="8" fullPath="D:/--UnityProject/VR/VRExplorer_subjects/VGuns-Unity-VR/Assets/Test/XRTarget.cs" />
      </Files>
      <Classes>
        <Class>
          <Summary numSequencePoints="30" visitedSequencePoints="0" numBranchPoints="0" visitedBranchPoints="0" sequenceCoverage="0.0" branchCoverage="0.0" maxCyclomaticComplexity="0" minCyclomaticComplexity="0" maxCrapScore="0" minCrapScore="0" visitedClasses="0" numClasses="1" visitedMethods="0" numMethods="2" />
          <FullName>AudioManager</FullName>
          <Methods>
            <Method visited="false" cyclomaticComplexity="0" nPathComplexity="0" sequenceCoverage="0.0" branchCoverage="0" crapScore="0" isConstructor="false" isStatic="false" isGetter="false" isSetter="false">
              <Summary numSequencePoints="20" visitedSequencePoints="0" numBranchPoints="0" visitedBranchPoints="0" sequenceCoverage="0.0" branchCoverage="0" maxCyclomaticComplexity="0" minCyclomaticComplexity="0" maxCrapScore="0" minCrapScore="0" visitedClasses="0" numClasses="0" visitedMethods="0" numMethods="1" />
              <MetadataToken>100663297</MetadataToken>
              <Name>System.Void AudioManager::Awake()</Name>
              <FileRef uid="1" />
              <SequencePoints>
                <SequencePoint vc="0" uspid="1201" ordinal="0" offset="0" sl="15" sc="2" el="15" ec="2" bec="0" bev="0" fileid="1" />
                <SequencePoint vc="0" uspid="1202" ordinal="0" offset="1" sl="16" sc="3" el="16" ec="3" bec="0" bev="0" fileid="1" />
                <SequencePoint vc="0" uspid="1203" ordinal="0" offset="16" sl="17" sc="3" el="17" ec="3" bec="0" bev="0" fileid="1" />
                <SequencePoint vc="0" uspid="1204" ordinal="0" offset="17" sl="18" sc="4" el="18" ec="4" bec="0" bev="0" fileid="1" />
                <SequencePoint vc="0" uspid="1205" ordinal="0" offset="29" sl="19" sc="3" el="19" ec="3" bec="0" bev="0" fileid="1" />
                <SequencePoint vc="0" uspid="1206" ordinal="0" offset="32" sl="21" sc="3" el="21" ec="3" bec="0" bev="0" fileid="1" />
                <SequencePoint vc="0" uspid="1207" ordinal="0" offset="33" sl="22" sc="4" el="22" ec="4" bec="0" bev="0" fileid="1" />
                <SequencePoint vc="0" uspid="1208" ordinal="0" offset="39" sl="23" sc="4" el="23" ec="4" bec="0" bev="0" fileid="1" />
                <SequencePoint vc="0" uspid="1209" ordinal="0" offset="51" sl="24" sc="3" el="24" ec="3" bec="0" bev="0" fileid="1" />
                <SequencePoint vc="0" uspid="1210" ordinal="0" offset="52" sl="26" sc="3" el="26" ec="3" bec="0" bev="0" fileid="1" />
                <SequencePoint vc="0" uspid="1211" ordinal="0" offset="53" sl="26" sc="23" el="26" ec="23" bec="0" bev="0" fileid="1" />
                <SequencePoint vc="0" uspid="1212" ordinal="0" offset="64" sl="26" sc="12" el="26" ec="12" bec="0" bev="0" fileid="1" />
                <SequencePoint vc="0" uspid="1213" ordinal="0" offset="68" sl="27" sc="3" el="27" ec="3" bec="0" bev="0" fileid="1" />
                <SequencePoint vc="0" uspid="1214" ordinal="0" offset="69" sl="28" sc="4" el="28" ec="4" bec="0" bev="0" fileid="1" />
                <SequencePoint vc="0" uspid="1215" ordinal="0" offset="86" sl="29" sc="4" el="29" ec="4" bec="0" bev="0" fileid="1" />
                <SequencePoint vc="0" uspid="1216" ordinal="0" offset="104" sl="30" sc="4" el="30" ec="4" bec="0" bev="0" fileid="1" />
                <SequencePoint vc="0" uspid="1217" ordinal="0" offset="122" sl="32" sc="4" el="32" ec="4" bec="0" bev="0" fileid="1" />
                <SequencePoint vc="0" uspid="1218" ordinal="0" offset="140" sl="33" sc="3" el="33" ec="3" bec="0" bev="0" fileid="1" />
                <SequencePoint vc="0" uspid="1219" ordinal="0" offset="145" sl="26" sc="20" el="26" ec="20" bec="0" bev="0" fileid="1" />
                <SequencePoint vc="0" uspid="1220" ordinal="0" offset="151" sl="34" sc="2" el="34" ec="2" bec="0" bev="0" fileid="1" />
              </SequencePoints>
              <BranchPoints />
            </Method>
            <Method visited="false" cyclomaticComplexity="0" nPathComplexity="0" sequenceCoverage="0.0" branchCoverage="0" crapScore="0" isConstructor="false" isStatic="false" isGetter="false" isSetter="false">
              <Summary numSequencePoints="10" visitedSequencePoints="0" numBranchPoints="0" visitedBranchPoints="0" sequenceCoverage="0.0" branchCoverage="0" maxCyclomaticComplexity="0" minCyclomaticComplexity="0" maxCrapScore="0" minCrapScore="0" visitedClasses="0" numClasses="0" visitedMethods="0" numMethods="1" />
              <MetadataToken>100663298</MetadataToken>
              <Name>System.Void AudioManager::Play(System.String)</Name>
              <FileRef uid="1" />
              <SequencePoints>
                <SequencePoint vc="0" uspid="1221" ordinal="0" offset="13" sl="37" sc="2" el="37" ec="2" bec="0" bev="0" fileid="1" />
                <SequencePoint vc="0" uspid="1222" ordinal="0" offset="14" sl="38" sc="3" el="38" ec="3" bec="0" bev="0" fileid="1" />
                <SequencePoint vc="0" uspid="1223" ordinal="0" offset="38" sl="39" sc="3" el="39" ec="3" bec="0" bev="0" fileid="1" />
                <SequencePoint vc="0" uspid="1224" ordinal="0" offset="46" sl="40" sc="3" el="40" ec="3" bec="0" bev="0" fileid="1" />
                <SequencePoint vc="0" uspid="1225" ordinal="0" offset="47" sl="41" sc="4" el="41" ec="4" bec="0" bev="0" fileid="1" />
                <SequencePoint vc="0" uspid="1226" ordinal="0" offset="74" sl="43" sc="3" el="43" ec="3" bec="0" bev="0" fileid="1" />
                <SequencePoint vc="0" uspid="1227" ordinal="0" offset="75" sl="45" sc="3" el="45" ec="3" bec="0" bev="0" fileid="1" />
                <SequencePoint vc="0" uspid="1228" ordinal="0" offset="130" sl="46" sc="3" el="46" ec="3" bec="0" bev="0" fileid="1" />
                <SequencePoint vc="0" uspid="1229" ordinal="0" offset="185" sl="48" sc="3" el="48" ec="3" bec="0" bev="0" fileid="1" />
                <SequencePoint vc="0" uspid="1230" ordinal="0" offset="197" sl="49" sc="2" el="49" ec="2" bec="0" bev="0" fileid="1" />
              </SequencePoints>
              <BranchPoints />
            </Method>
          </Methods>
        </Class>
        <Class>
          <Summary numSequencePoints="79" visitedSequencePoints="0" numBranchPoints="0" visitedBranchPoints="0" sequenceCoverage="0.0" branchCoverage="0.0" maxCyclomaticComplexity="0" minCyclomaticComplexity="0" maxCrapScore="0" minCrapScore="0" visitedClasses="0" numClasses="1" visitedMethods="0" numMethods="11" />
          <FullName>EnemyAi</FullName>
          <Methods>
            <Method visited="false" cyclomaticComplexity="0" nPathComplexity="0" sequenceCoverage="0.0" branchCoverage="0" crapScore="0" isConstructor="false" isStatic="false" isGetter="false" isSetter="false">
              <Summary numSequencePoints="4" visitedSequencePoints="0" numBranchPoints="0" visitedBranchPoints="0" sequenceCoverage="0.0" branchCoverage="0" maxCyclomaticComplexity="0" minCyclomaticComplexity="0" maxCrapScore="0" minCrapScore="0" visitedClasses="0" numClasses="0" visitedMethods="0" numMethods="1" />
              <MetadataToken>100663300</MetadataToken>
              <Name>System.Void EnemyAi::Start()</Name>
              <FileRef uid="2" />
              <SequencePoints>
                <SequencePoint vc="0" uspid="1231" ordinal="0" offset="0" sl="40" sc="19" el="40" ec="19" bec="0" bev="0" fileid="2" />
                <SequencePoint vc="0" uspid="1232" ordinal="0" offset="1" sl="41" sc="9" el="41" ec="9" bec="0" bev="0" fileid="2" />
                <SequencePoint vc="0" uspid="1233" ordinal="0" offset="8" sl="43" sc="9" el="43" ec="9" bec="0" bev="0" fileid="2" />
                <SequencePoint vc="0" uspid="1234" ordinal="0" offset="36" sl="45" sc="5" el="45" ec="5" bec="0" bev="0" fileid="2" />
              </SequencePoints>
              <BranchPoints />
            </Method>
            <Method visited="false" cyclomaticComplexity="0" nPathComplexity="0" sequenceCoverage="0.0" branchCoverage="0" crapScore="0" isConstructor="false" isStatic="false" isGetter="false" isSetter="false">
              <Summary numSequencePoints="6" visitedSequencePoints="0" numBranchPoints="0" visitedBranchPoints="0" sequenceCoverage="0.0" branchCoverage="0" maxCyclomaticComplexity="0" minCyclomaticComplexity="0" maxCrapScore="0" minCrapScore="0" visitedClasses="0" numClasses="0" visitedMethods="0" numMethods="1" />
              <MetadataToken>100663301</MetadataToken>
              <Name>System.Void EnemyAi::Awake()</Name>
              <FileRef uid="2" />
              <SequencePoints>
                <SequencePoint vc="0" uspid="1235" ordinal="0" offset="0" sl="47" sc="5" el="47" ec="5" bec="0" bev="0" fileid="2" />
                <SequencePoint vc="0" uspid="1236" ordinal="0" offset="1" sl="48" sc="9" el="48" ec="9" bec="0" bev="0" fileid="2" />
                <SequencePoint vc="0" uspid="1237" ordinal="0" offset="12" sl="49" sc="9" el="49" ec="9" bec="0" bev="0" fileid="2" />
                <SequencePoint vc="0" uspid="1238" ordinal="0" offset="33" sl="50" sc="9" el="50" ec="9" bec="0" bev="0" fileid="2" />
                <SequencePoint vc="0" uspid="1239" ordinal="0" offset="45" sl="51" sc="9" el="51" ec="9" bec="0" bev="0" fileid="2" />
                <SequencePoint vc="0" uspid="1240" ordinal="0" offset="52" sl="52" sc="5" el="52" ec="5" bec="0" bev="0" fileid="2" />
              </SequencePoints>
              <BranchPoints />
            </Method>
            <Method visited="false" cyclomaticComplexity="0" nPathComplexity="0" sequenceCoverage="0.0" branchCoverage="0" crapScore="0" isConstructor="false" isStatic="false" isGetter="false" isSetter="false">
              <Summary numSequencePoints="13" visitedSequencePoints="0" numBranchPoints="0" visitedBranchPoints="0" sequenceCoverage="0.0" branchCoverage="0" maxCyclomaticComplexity="0" minCyclomaticComplexity="0" maxCrapScore="0" minCrapScore="0" visitedClasses="0" numClasses="0" visitedMethods="0" numMethods="1" />
              <MetadataToken>100663302</MetadataToken>
              <Name>System.Void EnemyAi::Update()</Name>
              <FileRef uid="2" />
              <SequencePoints>
                <SequencePoint vc="0" uspid="1241" ordinal="0" offset="0" sl="55" sc="5" el="55" ec="5" bec="0" bev="0" fileid="2" />
                <SequencePoint vc="0" uspid="1242" ordinal="0" offset="1" sl="56" sc="9" el="56" ec="9" bec="0" bev="0" fileid="2" />
                <SequencePoint vc="0" uspid="1243" ordinal="0" offset="34" sl="59" sc="9" el="59" ec="9" bec="0" bev="0" fileid="2" />
                <SequencePoint vc="0" uspid="1244" ordinal="0" offset="73" sl="60" sc="9" el="60" ec="9" bec="0" bev="0" fileid="2" />
                <SequencePoint vc="0" uspid="1245" ordinal="0" offset="112" sl="62" sc="9" el="62" ec="9" bec="0" bev="0" fileid="2" />
                <SequencePoint vc="0" uspid="1246" ordinal="0" offset="162" sl="62" sc="93" el="62" ec="93" bec="0" bev="0" fileid="2" />
                <SequencePoint vc="0" uspid="1247" ordinal="0" offset="169" sl="64" sc="9" el="64" ec="9" bec="0" bev="0" fileid="2" />
                <SequencePoint vc="0" uspid="1248" ordinal="0" offset="193" sl="64" sc="58" el="64" ec="58" bec="0" bev="0" fileid="2" />
                <SequencePoint vc="0" uspid="1249" ordinal="0" offset="200" sl="65" sc="9" el="65" ec="9" bec="0" bev="0" fileid="2" />
                <SequencePoint vc="0" uspid="1250" ordinal="0" offset="224" sl="65" sc="57" el="65" ec="57" bec="0" bev="0" fileid="2" />
                <SequencePoint vc="0" uspid="1251" ordinal="0" offset="231" sl="66" sc="9" el="66" ec="9" bec="0" bev="0" fileid="2" />
                <SequencePoint vc="0" uspid="1252" ordinal="0" offset="254" sl="66" sc="56" el="66" ec="56" bec="0" bev="0" fileid="2" />
                <SequencePoint vc="0" uspid="1253" ordinal="0" offset="261" sl="67" sc="5" el="67" ec="5" bec="0" bev="0" fileid="2" />
              </SequencePoints>
              <BranchPoints />
            </Method>
            <Method visited="false" cyclomaticComplexity="0" nPathComplexity="0" sequenceCoverage="0.0" branchCoverage="0" crapScore="0" isConstructor="false" isStatic="false" isGetter="false" isSetter="false">
              <Summary numSequencePoints="9" visitedSequencePoints="0" numBranchPoints="0" visitedBranchPoints="0" sequenceCoverage="0.0" branchCoverage="0" maxCyclomaticComplexity="0" minCyclomaticComplexity="0" maxCrapScore="0" minCrapScore="0" visitedClasses="0" numClasses="0" visitedMethods="0" numMethods="1" />
              <MetadataToken>100663303</MetadataToken>
              <Name>System.Void EnemyAi::Patroling()</Name>
              <FileRef uid="2" />
              <SequencePoints>
                <SequencePoint vc="0" uspid="1254" ordinal="0" offset="0" sl="70" sc="5" el="70" ec="5" bec="0" bev="0" fileid="2" />
                <SequencePoint vc="0" uspid="1255" ordinal="0" offset="1" sl="71" sc="9" el="71" ec="9" bec="0" bev="0" fileid="2" />
                <SequencePoint vc="0" uspid="1256" ordinal="0" offset="14" sl="71" sc="28" el="71" ec="28" bec="0" bev="0" fileid="2" />
                <SequencePoint vc="0" uspid="1257" ordinal="0" offset="21" sl="73" sc="9" el="73" ec="9" bec="0" bev="0" fileid="2" />
                <SequencePoint vc="0" uspid="1258" ordinal="0" offset="31" sl="74" sc="13" el="74" ec="13" bec="0" bev="0" fileid="2" />
                <SequencePoint vc="0" uspid="1259" ordinal="0" offset="49" sl="76" sc="9" el="76" ec="9" bec="0" bev="0" fileid="2" />
                <SequencePoint vc="0" uspid="1260" ordinal="0" offset="72" sl="79" sc="9" el="79" ec="9" bec="0" bev="0" fileid="2" />
                <SequencePoint vc="0" uspid="1261" ordinal="0" offset="90" sl="80" sc="13" el="80" ec="13" bec="0" bev="0" fileid="2" />
                <SequencePoint vc="0" uspid="1262" ordinal="0" offset="97" sl="81" sc="5" el="81" ec="5" bec="0" bev="0" fileid="2" />
              </SequencePoints>
              <BranchPoints />
            </Method>
            <Method visited="false" cyclomaticComplexity="0" nPathComplexity="0" sequenceCoverage="0.0" branchCoverage="0" crapScore="0" isConstructor="false" isStatic="false" isGetter="false" isSetter="false">
              <Summary numSequencePoints="7" visitedSequencePoints="0" numBranchPoints="0" visitedBranchPoints="0" sequenceCoverage="0.0" branchCoverage="0" maxCyclomaticComplexity="0" minCyclomaticComplexity="0" maxCrapScore="0" minCrapScore="0" visitedClasses="0" numClasses="0" visitedMethods="0" numMethods="1" />
              <MetadataToken>100663304</MetadataToken>
              <Name>System.Void EnemyAi::SearchWalkPoint()</Name>
              <FileRef uid="2" />
              <SequencePoints>
                <SequencePoint vc="0" uspid="1263" ordinal="0" offset="0" sl="83" sc="5" el="83" ec="5" bec="0" bev="0" fileid="2" />
                <SequencePoint vc="0" uspid="1264" ordinal="0" offset="1" sl="85" sc="9" el="85" ec="9" bec="0" bev="0" fileid="2" />
                <SequencePoint vc="0" uspid="1265" ordinal="0" offset="20" sl="86" sc="9" el="86" ec="9" bec="0" bev="0" fileid="2" />
                <SequencePoint vc="0" uspid="1266" ordinal="0" offset="39" sl="88" sc="9" el="88" ec="9" bec="0" bev="0" fileid="2" />
                <SequencePoint vc="0" uspid="1267" ordinal="0" offset="102" sl="90" sc="9" el="90" ec="9" bec="0" bev="0" fileid="2" />
                <SequencePoint vc="0" uspid="1268" ordinal="0" offset="149" sl="91" sc="13" el="91" ec="13" bec="0" bev="0" fileid="2" />
                <SequencePoint vc="0" uspid="1269" ordinal="0" offset="156" sl="92" sc="5" el="92" ec="5" bec="0" bev="0" fileid="2" />
              </SequencePoints>
              <BranchPoints />
            </Method>
            <Method visited="false" cyclomaticComplexity="0" nPathComplexity="0" sequenceCoverage="0.0" branchCoverage="0" crapScore="0" isConstructor="false" isStatic="false" isGetter="false" isSetter="false">
              <Summary numSequencePoints="5" visitedSequencePoints="0" numBranchPoints="0" visitedBranchPoints="0" sequenceCoverage="0.0" branchCoverage="0" maxCyclomaticComplexity="0" minCyclomaticComplexity="0" maxCrapScore="0" minCrapScore="0" visitedClasses="0" numClasses="0" visitedMethods="0" numMethods="1" />
              <MetadataToken>100663305</MetadataToken>
              <Name>System.Void EnemyAi::ChasePlayer()</Name>
              <FileRef uid="2" />
              <SequencePoints>
                <SequencePoint vc="0" uspid="1270" ordinal="0" offset="0" sl="95" sc="5" el="95" ec="5" bec="0" bev="0" fileid="2" />
                <SequencePoint vc="0" uspid="1271" ordinal="0" offset="1" sl="96" sc="9" el="96" ec="9" bec="0" bev="0" fileid="2" />
                <SequencePoint vc="0" uspid="1272" ordinal="0" offset="24" sl="98" sc="9" el="98" ec="9" bec="0" bev="0" fileid="2" />
                <SequencePoint vc="0" uspid="1273" ordinal="0" offset="47" sl="99" sc="9" el="99" ec="9" bec="0" bev="0" fileid="2" />
                <SequencePoint vc="0" uspid="1274" ordinal="0" offset="148" sl="100" sc="5" el="100" ec="5" bec="0" bev="0" fileid="2" />
              </SequencePoints>
              <BranchPoints />
            </Method>
            <Method visited="false" cyclomaticComplexity="0" nPathComplexity="0" sequenceCoverage="0.0" branchCoverage="0" crapScore="0" isConstructor="false" isStatic="false" isGetter="false" isSetter="false">
              <Summary numSequencePoints="15" visitedSequencePoints="0" numBranchPoints="0" visitedBranchPoints="0" sequenceCoverage="0.0" branchCoverage="0" maxCyclomaticComplexity="0" minCyclomaticComplexity="0" maxCrapScore="0" minCrapScore="0" visitedClasses="0" numClasses="0" visitedMethods="0" numMethods="1" />
              <MetadataToken>100663306</MetadataToken>
              <Name>System.Void EnemyAi::AttackPlayer()</Name>
              <FileRef uid="2" />
              <SequencePoints>
                <SequencePoint vc="0" uspid="1275" ordinal="0" offset="0" sl="103" sc="5" el="103" ec="5" bec="0" bev="0" fileid="2" />
                <SequencePoint vc="0" uspid="1276" ordinal="0" offset="1" sl="106" sc="9" el="106" ec="9" bec="0" bev="0" fileid="2" />
                <SequencePoint vc="0" uspid="1277" ordinal="0" offset="29" sl="108" sc="9" el="108" ec="9" bec="0" bev="0" fileid="2" />
                <SequencePoint vc="0" uspid="1278" ordinal="0" offset="46" sl="110" sc="9" el="110" ec="9" bec="0" bev="0" fileid="2" />
                <SequencePoint vc="0" uspid="1279" ordinal="0" offset="69" sl="111" sc="9" el="111" ec="9" bec="0" bev="0" fileid="2" />
                <SequencePoint vc="0" uspid="1280" ordinal="0" offset="170" sl="114" sc="9" el="114" ec="9" bec="0" bev="0" fileid="2" />
                <SequencePoint vc="0" uspid="1281" ordinal="0" offset="186" sl="115" sc="9" el="115" ec="9" bec="0" bev="0" fileid="2" />
                <SequencePoint vc="0" uspid="1282" ordinal="0" offset="187" sl="116" sc="13" el="116" ec="13" bec="0" bev="0" fileid="2" />
                <SequencePoint vc="0" uspid="1283" ordinal="0" offset="204" sl="119" sc="13" el="119" ec="13" bec="0" bev="0" fileid="2" />
                <SequencePoint vc="0" uspid="1284" ordinal="0" offset="237" sl="120" sc="13" el="120" ec="13" bec="0" bev="0" fileid="2" />
                <SequencePoint vc="0" uspid="1285" ordinal="0" offset="267" sl="121" sc="13" el="121" ec="13" bec="0" bev="0" fileid="2" />
                <SequencePoint vc="0" uspid="1286" ordinal="0" offset="297" sl="124" sc="13" el="124" ec="13" bec="0" bev="0" fileid="2" />
                <SequencePoint vc="0" uspid="1287" ordinal="0" offset="304" sl="125" sc="13" el="125" ec="13" bec="0" bev="0" fileid="2" />
                <SequencePoint vc="0" uspid="1288" ordinal="0" offset="322" sl="126" sc="9" el="126" ec="9" bec="0" bev="0" fileid="2" />
                <SequencePoint vc="0" uspid="1289" ordinal="0" offset="323" sl="127" sc="5" el="127" ec="5" bec="0" bev="0" fileid="2" />
              </SequencePoints>
              <BranchPoints />
            </Method>
            <Method visited="false" cyclomaticComplexity="0" nPathComplexity="0" sequenceCoverage="0.0" branchCoverage="0" crapScore="0" isConstructor="false" isStatic="false" isGetter="false" isSetter="false">
              <Summary numSequencePoints="3" visitedSequencePoints="0" numBranchPoints="0" visitedBranchPoints="0" sequenceCoverage="0.0" branchCoverage="0" maxCyclomaticComplexity="0" minCyclomaticComplexity="0" maxCrapScore="0" minCrapScore="0" visitedClasses="0" numClasses="0" visitedMethods="0" numMethods="1" />
              <MetadataToken>100663307</MetadataToken>
              <Name>System.Void EnemyAi::ResetAttack()</Name>
              <FileRef uid="2" />
              <SequencePoints>
                <SequencePoint vc="0" uspid="1290" ordinal="0" offset="0" sl="129" sc="5" el="129" ec="5" bec="0" bev="0" fileid="2" />
                <SequencePoint vc="0" uspid="1291" ordinal="0" offset="1" sl="130" sc="9" el="130" ec="9" bec="0" bev="0" fileid="2" />
                <SequencePoint vc="0" uspid="1292" ordinal="0" offset="8" sl="131" sc="5" el="131" ec="5" bec="0" bev="0" fileid="2" />
              </SequencePoints>
              <BranchPoints />
            </Method>
            <Method visited="false" cyclomaticComplexity="0" nPathComplexity="0" sequenceCoverage="0.0" branchCoverage="0" crapScore="0" isConstructor="false" isStatic="false" isGetter="false" isSetter="false">
              <Summary numSequencePoints="5" visitedSequencePoints="0" numBranchPoints="0" visitedBranchPoints="0" sequenceCoverage="0.0" branchCoverage="0" maxCyclomaticComplexity="0" minCyclomaticComplexity="0" maxCrapScore="0" minCrapScore="0" visitedClasses="0" numClasses="0" visitedMethods="0" numMethods="1" />
              <MetadataToken>100663308</MetadataToken>
              <Name>System.Void EnemyAi::TakeDamage(System.Int32)</Name>
              <FileRef uid="2" />
              <SequencePoints>
                <SequencePoint vc="0" uspid="1293" ordinal="0" offset="0" sl="135" sc="0" el="135" ec="0" bec="0" bev="0" fileid="2" />
                <SequencePoint vc="0" uspid="1294" ordinal="0" offset="1" sl="136" sc="0" el="136" ec="0" bec="0" bev="0" fileid="2" />
                <SequencePoint vc="0" uspid="1295" ordinal="0" offset="16" sl="138" sc="0" el="138" ec="0" bec="0" bev="0" fileid="2" />
                <SequencePoint vc="0" uspid="1296" ordinal="0" offset="36" sl="138" sc="0" el="138" ec="0" bec="0" bev="0" fileid="2" />
                <SequencePoint vc="0" uspid="1297" ordinal="0" offset="53" sl="139" sc="0" el="139" ec="0" bec="0" bev="0" fileid="2" />
              </SequencePoints>
              <BranchPoints />
            </Method>
            <Method visited="false" cyclomaticComplexity="0" nPathComplexity="0" sequenceCoverage="0.0" branchCoverage="0" crapScore="0" isConstructor="false" isStatic="false" isGetter="false" isSetter="false">
              <Summary numSequencePoints="6" visitedSequencePoints="0" numBranchPoints="0" visitedBranchPoints="0" sequenceCoverage="0.0" branchCoverage="0" maxCyclomaticComplexity="0" minCyclomaticComplexity="0" maxCrapScore="0" minCrapScore="0" visitedClasses="0" numClasses="0" visitedMethods="0" numMethods="1" />
              <MetadataToken>100663309</MetadataToken>
              <Name>System.Void EnemyAi::DestroyEnemy()</Name>
              <FileRef uid="2" />
              <SequencePoints>
                <SequencePoint vc="0" uspid="1298" ordinal="0" offset="0" sl="141" sc="0" el="141" ec="0" bec="0" bev="0" fileid="2" />
                <SequencePoint vc="0" uspid="1299" ordinal="0" offset="1" sl="142" sc="0" el="142" ec="0" bec="0" bev="0" fileid="2" />
                <SequencePoint vc="0" uspid="1300" ordinal="0" offset="18" sl="143" sc="0" el="143" ec="0" bec="0" bev="0" fileid="2" />
                <SequencePoint vc="0" uspid="1301" ordinal="0" offset="35" sl="144" sc="0" el="144" ec="0" bec="0" bev="0" fileid="2" />
                <SequencePoint vc="0" uspid="1302" ordinal="0" offset="52" sl="145" sc="0" el="145" ec="0" bec="0" bev="0" fileid="2" />
                <SequencePoint vc="0" uspid="1303" ordinal="0" offset="80" sl="146" sc="0" el="146" ec="0" bec="0" bev="0" fileid="2" />
              </SequencePoints>
              <BranchPoints />
            </Method>
            <Method visited="false" cyclomaticComplexity="0" nPathComplexity="0" sequenceCoverage="0.0" branchCoverage="0" crapScore="0" isConstructor="false" isStatic="false" isGetter="false" isSetter="false">
              <Summary numSequencePoints="6" visitedSequencePoints="0" numBranchPoints="0" visitedBranchPoints="0" sequenceCoverage="0.0" branchCoverage="0" maxCyclomaticComplexity="0" minCyclomaticComplexity="0" maxCrapScore="0" minCrapScore="0" visitedClasses="0" numClasses="0" visitedMethods="0" numMethods="1" />
              <MetadataToken>100663310</MetadataToken>
              <Name>System.Void EnemyAi::OnDrawGizmosSelected()</Name>
              <FileRef uid="2" />
              <SequencePoints>
                <SequencePoint vc="0" uspid="1304" ordinal="0" offset="0" sl="148" sc="0" el="148" ec="0" bec="0" bev="0" fileid="2" />
                <SequencePoint vc="0" uspid="1305" ordinal="0" offset="1" sl="149" sc="0" el="149" ec="0" bec="0" bev="0" fileid="2" />
                <SequencePoint vc="0" uspid="1306" ordinal="0" offset="12" sl="150" sc="0" el="150" ec="0" bec="0" bev="0" fileid="2" />
                <SequencePoint vc="0" uspid="1307" ordinal="0" offset="35" sl="151" sc="0" el="151" ec="0" bec="0" bev="0" fileid="2" />
                <SequencePoint vc="0" uspid="1308" ordinal="0" offset="46" sl="152" sc="0" el="152" ec="0" bec="0" bev="0" fileid="2" />
                <SequencePoint vc="0" uspid="1309" ordinal="0" offset="69" sl="153" sc="0" el="153" ec="0" bec="0" bev="0" fileid="2" />
              </SequencePoints>
              <BranchPoints />
            </Method>
          </Methods>
        </Class>
        <Class>
          <Summary numSequencePoints="73" visitedSequencePoints="0" numBranchPoints="0" visitedBranchPoints="0" sequenceCoverage="0.0" branchCoverage="0.0" maxCyclomaticComplexity="0" minCyclomaticComplexity="0" maxCrapScore="0" minCrapScore="0" visitedClasses="0" numClasses="1" visitedMethods="0" numMethods="10" />
          <FullName>Gun</FullName>
          <Methods>
            <Method visited="false" cyclomaticComplexity="0" nPathComplexity="0" sequenceCoverage="0.0" branchCoverage="0" crapScore="0" isConstructor="false" isStatic="false" isGetter="false" isSetter="false">
              <Summary numSequencePoints="4" visitedSequencePoints="0" numBranchPoints="0" visitedBranchPoints="0" sequenceCoverage="0.0" branchCoverage="0" maxCyclomaticComplexity="0" minCyclomaticComplexity="0" maxCrapScore="0" minCrapScore="0" visitedClasses="0" numClasses="0" visitedMethods="0" numMethods="1" />
              <MetadataToken>100663318</MetadataToken>
              <Name>System.Void Gun::Start()</Name>
              <FileRef uid="3" />
              <SequencePoints>
                <SequencePoint vc="0" uspid="1310" ordinal="0" offset="0" sl="142" sc="18" el="142" ec="18" bec="0" bev="0" fileid="3" />
                <SequencePoint vc="0" uspid="1311" ordinal="0" offset="1" sl="144" sc="9" el="144" ec="9" bec="0" bev="0" fileid="3" />
                <SequencePoint vc="0" uspid="1312" ordinal="0" offset="13" sl="146" sc="9" el="146" ec="9" bec="0" bev="0" fileid="3" />
                <SequencePoint vc="0" uspid="1313" ordinal="0" offset="24" sl="147" sc="5" el="147" ec="5" bec="0" bev="0" fileid="3" />
              </SequencePoints>
              <BranchPoints />
            </Method>
            <Method visited="false" cyclomaticComplexity="0" nPathComplexity="0" sequenceCoverage="0.0" branchCoverage="0" crapScore="0" isConstructor="false" isStatic="false" isGetter="false" isSetter="false">
              <Summary numSequencePoints="19" visitedSequencePoints="0" numBranchPoints="0" visitedBranchPoints="0" sequenceCoverage="0.0" branchCoverage="0" maxCyclomaticComplexity="0" minCyclomaticComplexity="0" maxCrapScore="0" minCrapScore="0" visitedClasses="0" numClasses="0" visitedMethods="0" numMethods="1" />
              <MetadataToken>100663319</MetadataToken>
              <Name>System.Void Gun::Update()</Name>
              <FileRef uid="3" />
              <SequencePoints>
                <SequencePoint vc="0" uspid="1314" ordinal="0" offset="0" sl="149" sc="19" el="149" ec="19" bec="0" bev="0" fileid="3" />
                <SequencePoint vc="0" uspid="1315" ordinal="0" offset="1" sl="150" sc="9" el="150" ec="9" bec="0" bev="0" fileid="3" />
                <SequencePoint vc="0" uspid="1316" ordinal="0" offset="22" sl="153" sc="17" el="153" ec="17" bec="0" bev="0" fileid="3" />
                <SequencePoint vc="0" uspid="1317" ordinal="0" offset="39" sl="153" sc="47" el="153" ec="47" bec="0" bev="0" fileid="3" />
                <SequencePoint vc="0" uspid="1318" ordinal="0" offset="40" sl="154" sc="21" el="154" ec="21" bec="0" bev="0" fileid="3" />
                <SequencePoint vc="0" uspid="1319" ordinal="0" offset="47" sl="155" sc="17" el="155" ec="17" bec="0" bev="0" fileid="3" />
                <SequencePoint vc="0" uspid="1320" ordinal="0" offset="48" sl="156" sc="17" el="156" ec="17" bec="0" bev="0" fileid="3" />
                <SequencePoint vc="0" uspid="1321" ordinal="0" offset="50" sl="159" sc="17" el="159" ec="17" bec="0" bev="0" fileid="3" />
                <SequencePoint vc="0" uspid="1322" ordinal="0" offset="67" sl="159" sc="47" el="159" ec="47" bec="0" bev="0" fileid="3" />
                <SequencePoint vc="0" uspid="1323" ordinal="0" offset="68" sl="160" sc="21" el="160" ec="21" bec="0" bev="0" fileid="3" />
                <SequencePoint vc="0" uspid="1324" ordinal="0" offset="80" sl="161" sc="21" el="161" ec="21" bec="0" bev="0" fileid="3" />
                <SequencePoint vc="0" uspid="1325" ordinal="0" offset="87" sl="162" sc="17" el="162" ec="17" bec="0" bev="0" fileid="3" />
                <SequencePoint vc="0" uspid="1326" ordinal="0" offset="88" sl="163" sc="17" el="163" ec="17" bec="0" bev="0" fileid="3" />
                <SequencePoint vc="0" uspid="1327" ordinal="0" offset="90" sl="167" sc="9" el="167" ec="9" bec="0" bev="0" fileid="3" />
                <SequencePoint vc="0" uspid="1328" ordinal="0" offset="102" sl="168" sc="9" el="168" ec="9" bec="0" bev="0" fileid="3" />
                <SequencePoint vc="0" uspid="1329" ordinal="0" offset="131" sl="169" sc="9" el="169" ec="9" bec="0" bev="0" fileid="3" />
                <SequencePoint vc="0" uspid="1330" ordinal="0" offset="160" sl="170" sc="9" el="170" ec="9" bec="0" bev="0" fileid="3" />
                <SequencePoint vc="0" uspid="1331" ordinal="0" offset="189" sl="173" sc="9" el="173" ec="9" bec="0" bev="0" fileid="3" />
                <SequencePoint vc="0" uspid="1332" ordinal="0" offset="234" sl="187" sc="5" el="187" ec="5" bec="0" bev="0" fileid="3" />
              </SequencePoints>
              <BranchPoints />
            </Method>
            <Method visited="false" cyclomaticComplexity="0" nPathComplexity="0" sequenceCoverage="0.0" branchCoverage="0" crapScore="0" isConstructor="false" isStatic="false" isGetter="false" isSetter="false">
              <Summary numSequencePoints="24" visitedSequencePoints="0" numBranchPoints="0" visitedBranchPoints="0" sequenceCoverage="0.0" branchCoverage="0" maxCyclomaticComplexity="0" minCyclomaticComplexity="0" maxCrapScore="0" minCrapScore="0" visitedClasses="0" numClasses="0" visitedMethods="0" numMethods="1" />
              <MetadataToken>100663320</MetadataToken>
              <Name>System.Void Gun::Shoot()</Name>
              <FileRef uid="3" />
              <SequencePoints>
                <SequencePoint vc="0" uspid="1333" ordinal="0" offset="0" sl="190" sc="25" el="190" ec="25" bec="0" bev="0" fileid="3" />
                <SequencePoint vc="0" uspid="1334" ordinal="0" offset="1" sl="192" sc="9" el="192" ec="9" bec="0" bev="0" fileid="3" />
                <SequencePoint vc="0" uspid="1335" ordinal="0" offset="17" sl="192" sc="44" el="192" ec="44" bec="0" bev="0" fileid="3" />
                <SequencePoint vc="0" uspid="1336" ordinal="0" offset="18" sl="193" sc="17" el="193" ec="17" bec="0" bev="0" fileid="3" />
                <SequencePoint vc="0" uspid="1337" ordinal="0" offset="25" sl="193" sc="52" el="193" ec="52" bec="0" bev="0" fileid="3" />
                <SequencePoint vc="0" uspid="1338" ordinal="0" offset="26" sl="195" sc="17" el="195" ec="17" bec="0" bev="0" fileid="3" />
                <SequencePoint vc="0" uspid="1339" ordinal="0" offset="43" sl="197" sc="17" el="197" ec="17" bec="0" bev="0" fileid="3" />
                <SequencePoint vc="0" uspid="1340" ordinal="0" offset="87" sl="201" sc="17" el="201" ec="17" bec="0" bev="0" fileid="3" />
                <SequencePoint vc="0" uspid="1341" ordinal="0" offset="153" sl="207" sc="17" el="207" ec="17" bec="0" bev="0" fileid="3" />
                <SequencePoint vc="0" uspid="1342" ordinal="0" offset="160" sl="208" sc="17" el="208" ec="17" bec="0" bev="0" fileid="3" />
                <SequencePoint vc="0" uspid="1343" ordinal="0" offset="189" sl="209" sc="13" el="209" ec="13" bec="0" bev="0" fileid="3" />
                <SequencePoint vc="0" uspid="1344" ordinal="0" offset="190" sl="193" sc="47" el="193" ec="47" bec="0" bev="0" fileid="3" />
                <SequencePoint vc="0" uspid="1345" ordinal="0" offset="194" sl="193" sc="28" el="193" ec="28" bec="0" bev="0" fileid="3" />
                <SequencePoint vc="0" uspid="1346" ordinal="0" offset="212" sl="211" sc="13" el="211" ec="13" bec="0" bev="0" fileid="3" />
                <SequencePoint vc="0" uspid="1347" ordinal="0" offset="226" sl="212" sc="13" el="212" ec="13" bec="0" bev="0" fileid="3" />
                <SequencePoint vc="0" uspid="1348" ordinal="0" offset="241" sl="212" sc="41" el="212" ec="41" bec="0" bev="0" fileid="3" />
                <SequencePoint vc="0" uspid="1349" ordinal="0" offset="242" sl="213" sc="17" el="213" ec="17" bec="0" bev="0" fileid="3" />
                <SequencePoint vc="0" uspid="1350" ordinal="0" offset="266" sl="214" sc="17" el="214" ec="17" bec="0" bev="0" fileid="3" />
                <SequencePoint vc="0" uspid="1351" ordinal="0" offset="273" sl="215" sc="13" el="215" ec="13" bec="0" bev="0" fileid="3" />
                <SequencePoint vc="0" uspid="1352" ordinal="0" offset="276" sl="215" sc="20" el="215" ec="20" bec="0" bev="0" fileid="3" />
                <SequencePoint vc="0" uspid="1353" ordinal="0" offset="277" sl="216" sc="17" el="216" ec="17" bec="0" bev="0" fileid="3" />
                <SequencePoint vc="0" uspid="1354" ordinal="0" offset="284" sl="217" sc="13" el="217" ec="13" bec="0" bev="0" fileid="3" />
                <SequencePoint vc="0" uspid="1355" ordinal="0" offset="285" sl="218" sc="9" el="218" ec="9" bec="0" bev="0" fileid="3" />
                <SequencePoint vc="0" uspid="1356" ordinal="0" offset="286" sl="219" sc="5" el="219" ec="5" bec="0" bev="0" fileid="3" />
              </SequencePoints>
              <BranchPoints />
            </Method>
            <Method visited="false" cyclomaticComplexity="0" nPathComplexity="0" sequenceCoverage="0.0" branchCoverage="0" crapScore="0" isConstructor="false" isStatic="false" isGetter="false" isSetter="false">
              <Summary numSequencePoints="9" visitedSequencePoints="0" numBranchPoints="0" visitedBranchPoints="0" sequenceCoverage="0.0" branchCoverage="0" maxCyclomaticComplexity="0" minCyclomaticComplexity="0" maxCrapScore="0" minCrapScore="0" visitedClasses="0" numClasses="0" visitedMethods="0" numMethods="1" />
              <MetadataToken>100663321</MetadataToken>
              <Name>System.Void Gun::Reload()</Name>
              <FileRef uid="3" />
              <SequencePoints>
                <SequencePoint vc="0" uspid="1357" ordinal="0" offset="0" sl="222" sc="0" el="222" ec="0" bec="0" bev="0" fileid="3" />
                <SequencePoint vc="0" uspid="1358" ordinal="0" offset="1" sl="224" sc="0" el="224" ec="0" bec="0" bev="0" fileid="3" />
                <SequencePoint vc="0" uspid="1359" ordinal="0" offset="14" sl="224" sc="0" el="224" ec="0" bec="0" bev="0" fileid="3" />
                <SequencePoint vc="0" uspid="1360" ordinal="0" offset="15" sl="225" sc="0" el="225" ec="0" bec="0" bev="0" fileid="3" />
                <SequencePoint vc="0" uspid="1361" ordinal="0" offset="33" sl="226" sc="0" el="226" ec="0" bec="0" bev="0" fileid="3" />
                <SequencePoint vc="0" uspid="1362" ordinal="0" offset="40" sl="227" sc="0" el="227" ec="0" bec="0" bev="0" fileid="3" />
                <SequencePoint vc="0" uspid="1363" ordinal="0" offset="58" sl="228" sc="0" el="228" ec="0" bec="0" bev="0" fileid="3" />
                <SequencePoint vc="0" uspid="1364" ordinal="0" offset="75" sl="229" sc="0" el="229" ec="0" bec="0" bev="0" fileid="3" />
                <SequencePoint vc="0" uspid="1365" ordinal="0" offset="76" sl="230" sc="0" el="230" ec="0" bec="0" bev="0" fileid="3" />
              </SequencePoints>
              <BranchPoints />
            </Method>
            <Method visited="false" cyclomaticComplexity="0" nPathComplexity="0" sequenceCoverage="0.0" branchCoverage="0" crapScore="0" isConstructor="false" isStatic="false" isGetter="false" isSetter="false">
              <Summary numSequencePoints="4" visitedSequencePoints="0" numBranchPoints="0" visitedBranchPoints="0" sequenceCoverage="0.0" branchCoverage="0" maxCyclomaticComplexity="0" minCyclomaticComplexity="0" maxCrapScore="0" minCrapScore="0" visitedClasses="0" numClasses="0" visitedMethods="0" numMethods="1" />
              <MetadataToken>100663322</MetadataToken>
              <Name>System.Void Gun::TriggerReleased(UnityEngine.XR.Interaction.Toolkit.DeactivateEventArgs)</Name>
              <FileRef uid="3" />
              <SequencePoints>
                <SequencePoint vc="0" uspid="1366" ordinal="0" offset="0" sl="234" sc="5" el="234" ec="5" bec="0" bev="0" fileid="3" />
                <SequencePoint vc="0" uspid="1367" ordinal="0" offset="1" sl="236" sc="9" el="236" ec="9" bec="0" bev="0" fileid="3" />
                <SequencePoint vc="0" uspid="1368" ordinal="0" offset="8" sl="237" sc="9" el="237" ec="9" bec="0" bev="0" fileid="3" />
                <SequencePoint vc="0" uspid="1369" ordinal="0" offset="19" sl="238" sc="5" el="238" ec="5" bec="0" bev="0" fileid="3" />
              </SequencePoints>
              <BranchPoints />
            </Method>
            <Method visited="false" cyclomaticComplexity="0" nPathComplexity="0" sequenceCoverage="0.0" branchCoverage="0" crapScore="0" isConstructor="false" isStatic="false" isGetter="false" isSetter="false">
              <Summary numSequencePoints="3" visitedSequencePoints="0" numBranchPoints="0" visitedBranchPoints="0" sequenceCoverage="0.0" branchCoverage="0" maxCyclomaticComplexity="0" minCyclomaticComplexity="0" maxCrapScore="0" minCrapScore="0" visitedClasses="0" numClasses="0" visitedMethods="0" numMethods="1" />
              <MetadataToken>100663323</MetadataToken>
              <Name>System.Void Gun::TriggerPulled(UnityEngine.XR.Interaction.Toolkit.ActivateEventArgs)</Name>
              <FileRef uid="3" />
              <SequencePoints>
                <SequencePoint vc="0" uspid="1370" ordinal="0" offset="0" sl="243" sc="5" el="243" ec="5" bec="0" bev="0" fileid="3" />
                <SequencePoint vc="0" uspid="1371" ordinal="0" offset="1" sl="245" sc="9" el="245" ec="9" bec="0" bev="0" fileid="3" />
                <SequencePoint vc="0" uspid="1372" ordinal="0" offset="8" sl="246" sc="5" el="246" ec="5" bec="0" bev="0" fileid="3" />
              </SequencePoints>
              <BranchPoints />
            </Method>
            <Method visited="false" cyclomaticComplexity="0" nPathComplexity="0" sequenceCoverage="0.0" branchCoverage="0" crapScore="0" isConstructor="false" isStatic="false" isGetter="false" isSetter="false">
              <Summary numSequencePoints="4" visitedSequencePoints="0" numBranchPoints="0" visitedBranchPoints="0" sequenceCoverage="0.0" branchCoverage="0" maxCyclomaticComplexity="0" minCyclomaticComplexity="0" maxCrapScore="0" minCrapScore="0" visitedClasses="0" numClasses="0" visitedMethods="0" numMethods="1" />
              <MetadataToken>100663324</MetadataToken>
              <Name>System.Void Gun::DroppedGun(UnityEngine.XR.Interaction.Toolkit.SelectExitEventArgs)</Name>
              <FileRef uid="3" />
              <SequencePoints>
                <SequencePoint vc="0" uspid="1373" ordinal="0" offset="0" sl="251" sc="5" el="251" ec="5" bec="0" bev="0" fileid="3" />
                <SequencePoint vc="0" uspid="1374" ordinal="0" offset="1" sl="253" sc="9" el="253" ec="9" bec="0" bev="0" fileid="3" />
                <SequencePoint vc="0" uspid="1375" ordinal="0" offset="8" sl="254" sc="9" el="254" ec="9" bec="0" bev="0" fileid="3" />
                <SequencePoint vc="0" uspid="1376" ordinal="0" offset="19" sl="255" sc="5" el="255" ec="5" bec="0" bev="0" fileid="3" />
              </SequencePoints>
              <BranchPoints />
            </Method>
            <Method visited="false" cyclomaticComplexity="0" nPathComplexity="0" sequenceCoverage="0.0" branchCoverage="0" crapScore="0" isConstructor="false" isStatic="false" isGetter="false" isSetter="false">
              <Summary numSequencePoints="2" visitedSequencePoints="0" numBranchPoints="0" visitedBranchPoints="0" sequenceCoverage="0.0" branchCoverage="0" maxCyclomaticComplexity="0" minCyclomaticComplexity="0" maxCrapScore="0" minCrapScore="0" visitedClasses="0" numClasses="0" visitedMethods="0" numMethods="1" />
              <MetadataToken>100663325</MetadataToken>
              <Name>System.Void Gun::MagazineInsert()</Name>
              <FileRef uid="3" />
              <SequencePoints>
                <SequencePoint vc="0" uspid="1377" ordinal="0" offset="0" sl="269" sc="0" el="269" ec="0" bec="0" bev="0" fileid="3" />
                <SequencePoint vc="0" uspid="1378" ordinal="0" offset="1" sl="290" sc="0" el="290" ec="0" bec="0" bev="0" fileid="3" />
              </SequencePoints>
              <BranchPoints />
            </Method>
            <Method visited="false" cyclomaticComplexity="0" nPathComplexity="0" sequenceCoverage="0.0" branchCoverage="0" crapScore="0" isConstructor="false" isStatic="false" isGetter="false" isSetter="false">
              <Summary numSequencePoints="2" visitedSequencePoints="0" numBranchPoints="0" visitedBranchPoints="0" sequenceCoverage="0.0" branchCoverage="0" maxCyclomaticComplexity="0" minCyclomaticComplexity="0" maxCrapScore="0" minCrapScore="0" visitedClasses="0" numClasses="0" visitedMethods="0" numMethods="1" />
              <MetadataToken>100663326</MetadataToken>
              <Name>System.Void Gun::MagazineExit()</Name>
              <FileRef uid="3" />
              <SequencePoints>
                <SequencePoint vc="0" uspid="1379" ordinal="0" offset="0" sl="295" sc="0" el="295" ec="0" bec="0" bev="0" fileid="3" />
                <SequencePoint vc="0" uspid="1380" ordinal="0" offset="1" sl="310" sc="0" el="310" ec="0" bec="0" bev="0" fileid="3" />
              </SequencePoints>
              <BranchPoints />
            </Method>
            <Method visited="false" cyclomaticComplexity="0" nPathComplexity="0" sequenceCoverage="0.0" branchCoverage="0" crapScore="0" isConstructor="true" isStatic="false" isGetter="false" isSetter="false">
              <Summary numSequencePoints="2" visitedSequencePoints="0" numBranchPoints="0" visitedBranchPoints="0" sequenceCoverage="0.0" branchCoverage="0" maxCyclomaticComplexity="0" minCyclomaticComplexity="0" maxCrapScore="0" minCrapScore="0" visitedClasses="0" numClasses="0" visitedMethods="0" numMethods="1" />
              <MetadataToken>100663327</MetadataToken>
              <Name>Gun::Gun()</Name>
              <FileRef uid="3" />
              <SequencePoints>
                <SequencePoint vc="0" uspid="1381" ordinal="0" offset="0" sl="137" sc="5" el="137" ec="5" bec="0" bev="0" fileid="3" />
                <SequencePoint vc="0" uspid="1382" ordinal="0" offset="7" sl="140" sc="5" el="140" ec="5" bec="0" bev="0" fileid="3" />
              </SequencePoints>
              <BranchPoints />
            </Method>
          </Methods>
        </Class>
        <Class>
          <Summary numSequencePoints="33" visitedSequencePoints="0" numBranchPoints="0" visitedBranchPoints="0" sequenceCoverage="0.0" branchCoverage="0.0" maxCyclomaticComplexity="0" minCyclomaticComplexity="0" maxCrapScore="0" minCrapScore="0" visitedClasses="0" numClasses="1" visitedMethods="0" numMethods="1" />
          <FullName>Round</FullName>
          <Methods>
            <Method visited="false" cyclomaticComplexity="0" nPathComplexity="0" sequenceCoverage="0.0" branchCoverage="0" crapScore="0" isConstructor="false" isStatic="false" isGetter="false" isSetter="false">
              <Summary numSequencePoints="33" visitedSequencePoints="0" numBranchPoints="0" visitedBranchPoints="0" sequenceCoverage="0.0" branchCoverage="0" maxCyclomaticComplexity="0" minCyclomaticComplexity="0" maxCrapScore="0" minCrapScore="0" visitedClasses="0" numClasses="0" visitedMethods="0" numMethods="1" />
              <MetadataToken>100663329</MetadataToken>
              <Name>System.Void Round::OnTriggerEnter(UnityEngine.Collider)</Name>
              <FileRef uid="4" />
              <SequencePoints>
                <SequencePoint vc="0" uspid="1383" ordinal="0" offset="0" sl="20" sc="5" el="20" ec="5" bec="0" bev="0" fileid="4" />
                <SequencePoint vc="0" uspid="1384" ordinal="0" offset="1" sl="21" sc="9" el="21" ec="9" bec="0" bev="0" fileid="4" />
                <SequencePoint vc="0" uspid="1385" ordinal="0" offset="13" sl="23" sc="9" el="23" ec="9" bec="0" bev="0" fileid="4" />
                <SequencePoint vc="0" uspid="1386" ordinal="0" offset="24" sl="24" sc="9" el="24" ec="9" bec="0" bev="0" fileid="4" />
                <SequencePoint vc="0" uspid="1387" ordinal="0" offset="25" sl="25" sc="13" el="25" ec="13" bec="0" bev="0" fileid="4" />
                <SequencePoint vc="0" uspid="1388" ordinal="0" offset="36" sl="27" sc="13" el="27" ec="13" bec="0" bev="0" fileid="4" />
                <SequencePoint vc="0" uspid="1389" ordinal="0" offset="50" sl="29" sc="13" el="29" ec="13" bec="0" bev="0" fileid="4" />
                <SequencePoint vc="0" uspid="1390" ordinal="0" offset="94" sl="31" sc="13" el="31" ec="13" bec="0" bev="0" fileid="4" />
                <SequencePoint vc="0" uspid="1391" ordinal="0" offset="106" sl="32" sc="9" el="32" ec="9" bec="0" bev="0" fileid="4" />
                <SequencePoint vc="0" uspid="1392" ordinal="0" offset="109" sl="34" sc="9" el="34" ec="9" bec="0" bev="0" fileid="4" />
                <SequencePoint vc="0" uspid="1393" ordinal="0" offset="110" sl="35" sc="13" el="35" ec="13" bec="0" bev="0" fileid="4" />
                <SequencePoint vc="0" uspid="1394" ordinal="0" offset="123" sl="36" sc="9" el="36" ec="9" bec="0" bev="0" fileid="4" />
                <SequencePoint vc="0" uspid="1395" ordinal="0" offset="124" sl="38" sc="9" el="38" ec="9" bec="0" bev="0" fileid="4" />
                <SequencePoint vc="0" uspid="1396" ordinal="0" offset="136" sl="41" sc="9" el="41" ec="9" bec="0" bev="0" fileid="4" />
                <SequencePoint vc="0" uspid="1397" ordinal="0" offset="149" sl="42" sc="9" el="42" ec="9" bec="0" bev="0" fileid="4" />
                <SequencePoint vc="0" uspid="1398" ordinal="0" offset="150" sl="43" sc="13" el="43" ec="13" bec="0" bev="0" fileid="4" />
                <SequencePoint vc="0" uspid="1399" ordinal="0" offset="161" sl="45" sc="13" el="45" ec="13" bec="0" bev="0" fileid="4" />
                <SequencePoint vc="0" uspid="1400" ordinal="0" offset="175" sl="47" sc="13" el="47" ec="13" bec="0" bev="0" fileid="4" />
                <SequencePoint vc="0" uspid="1401" ordinal="0" offset="187" sl="49" sc="9" el="49" ec="9" bec="0" bev="0" fileid="4" />
                <SequencePoint vc="0" uspid="1402" ordinal="0" offset="190" sl="52" sc="9" el="52" ec="9" bec="0" bev="0" fileid="4" />
                <SequencePoint vc="0" uspid="1403" ordinal="0" offset="191" sl="53" sc="13" el="53" ec="13" bec="0" bev="0" fileid="4" />
                <SequencePoint vc="0" uspid="1404" ordinal="0" offset="204" sl="54" sc="9" el="54" ec="9" bec="0" bev="0" fileid="4" />
                <SequencePoint vc="0" uspid="1405" ordinal="0" offset="205" sl="56" sc="9" el="56" ec="9" bec="0" bev="0" fileid="4" />
                <SequencePoint vc="0" uspid="1406" ordinal="0" offset="217" sl="59" sc="9" el="59" ec="9" bec="0" bev="0" fileid="4" />
                <SequencePoint vc="0" uspid="1407" ordinal="0" offset="230" sl="60" sc="9" el="60" ec="9" bec="0" bev="0" fileid="4" />
                <SequencePoint vc="0" uspid="1408" ordinal="0" offset="231" sl="61" sc="13" el="61" ec="13" bec="0" bev="0" fileid="4" />
                <SequencePoint vc="0" uspid="1409" ordinal="0" offset="242" sl="63" sc="13" el="63" ec="13" bec="0" bev="0" fileid="4" />
                <SequencePoint vc="0" uspid="1410" ordinal="0" offset="255" sl="65" sc="13" el="65" ec="13" bec="0" bev="0" fileid="4" />
                <SequencePoint vc="0" uspid="1411" ordinal="0" offset="267" sl="67" sc="9" el="67" ec="9" bec="0" bev="0" fileid="4" />
                <SequencePoint vc="0" uspid="1412" ordinal="0" offset="270" sl="69" sc="9" el="69" ec="9" bec="0" bev="0" fileid="4" />
                <SequencePoint vc="0" uspid="1413" ordinal="0" offset="271" sl="70" sc="13" el="70" ec="13" bec="0" bev="0" fileid="4" />
                <SequencePoint vc="0" uspid="1414" ordinal="0" offset="284" sl="72" sc="9" el="72" ec="9" bec="0" bev="0" fileid="4" />
                <SequencePoint vc="0" uspid="1415" ordinal="0" offset="285" sl="73" sc="5" el="73" ec="5" bec="0" bev="0" fileid="4" />
              </SequencePoints>
              <BranchPoints />
            </Method>
          </Methods>
        </Class>
        <Class>
          <Summary numSequencePoints="7" visitedSequencePoints="0" numBranchPoints="0" visitedBranchPoints="0" sequenceCoverage="0.0" branchCoverage="0.0" maxCyclomaticComplexity="0" minCyclomaticComplexity="0" maxCrapScore="0" minCrapScore="0" visitedClasses="0" numClasses="1" visitedMethods="0" numMethods="2" />
          <FullName>BulletTime</FullName>
          <Methods>
            <Method visited="false" cyclomaticComplexity="0" nPathComplexity="0" sequenceCoverage="0.0" branchCoverage="0" crapScore="0" isConstructor="false" isStatic="false" isGetter="false" isSetter="false">
              <Summary numSequencePoints="3" visitedSequencePoints="0" numBranchPoints="0" visitedBranchPoints="0" sequenceCoverage="0.0" branchCoverage="0" maxCyclomaticComplexity="0" minCyclomaticComplexity="0" maxCrapScore="0" minCrapScore="0" visitedClasses="0" numClasses="0" visitedMethods="0" numMethods="1" />
              <MetadataToken>100663332</MetadataToken>
              <Name>System.Void BulletTime::Start()</Name>
              <FileRef uid="5" />
              <SequencePoints>
                <SequencePoint vc="0" uspid="1416" ordinal="0" offset="0" sl="14" sc="5" el="14" ec="5" bec="0" bev="0" fileid="5" />
                <SequencePoint vc="0" uspid="1417" ordinal="0" offset="1" sl="15" sc="9" el="15" ec="9" bec="0" bev="0" fileid="5" />
                <SequencePoint vc="0" uspid="1418" ordinal="0" offset="30" sl="16" sc="5" el="16" ec="5" bec="0" bev="0" fileid="5" />
              </SequencePoints>
              <BranchPoints />
            </Method>
            <Method visited="false" cyclomaticComplexity="0" nPathComplexity="0" sequenceCoverage="0.0" branchCoverage="0" crapScore="0" isConstructor="false" isStatic="false" isGetter="false" isSetter="false">
              <Summary numSequencePoints="4" visitedSequencePoints="0" numBranchPoints="0" visitedBranchPoints="0" sequenceCoverage="0.0" branchCoverage="0" maxCyclomaticComplexity="0" minCyclomaticComplexity="0" maxCrapScore="0" minCrapScore="0" visitedClasses="0" numClasses="0" visitedMethods="0" numMethods="1" />
              <MetadataToken>100663333</MetadataToken>
              <Name>System.Void BulletTime::BulletTimeActivate(UnityEngine.InputSystem.InputAction/CallbackContext)</Name>
              <FileRef uid="5" />
              <SequencePoints>
                <SequencePoint vc="0" uspid="1419" ordinal="0" offset="0" sl="19" sc="0" el="19" ec="0" bec="0" bev="0" fileid="5" />
                <SequencePoint vc="0" uspid="1420" ordinal="0" offset="1" sl="20" sc="0" el="20" ec="0" bec="0" bev="0" fileid="5" />
                <SequencePoint vc="0" uspid="1421" ordinal="0" offset="13" sl="22" sc="0" el="22" ec="0" bec="0" bev="0" fileid="5" />
                <SequencePoint vc="0" uspid="1422" ordinal="0" offset="24" sl="23" sc="0" el="23" ec="0" bec="0" bev="0" fileid="5" />
              </SequencePoints>
              <BranchPoints />
            </Method>
          </Methods>
        </Class>
        <Class>
          <Summary numSequencePoints="6" visitedSequencePoints="0" numBranchPoints="0" visitedBranchPoints="0" sequenceCoverage="0.0" branchCoverage="0.0" maxCyclomaticComplexity="0" minCyclomaticComplexity="0" maxCrapScore="0" minCrapScore="0" visitedClasses="0" numClasses="1" visitedMethods="0" numMethods="2" />
          <FullName>SpeedUpTime</FullName>
          <Methods>
            <Method visited="false" cyclomaticComplexity="0" nPathComplexity="0" sequenceCoverage="0.0" branchCoverage="0" crapScore="0" isConstructor="false" isStatic="false" isGetter="false" isSetter="false">
              <Summary numSequencePoints="3" visitedSequencePoints="0" numBranchPoints="0" visitedBranchPoints="0" sequenceCoverage="0.0" branchCoverage="0" maxCyclomaticComplexity="0" minCyclomaticComplexity="0" maxCrapScore="0" minCrapScore="0" visitedClasses="0" numClasses="0" visitedMethods="0" numMethods="1" />
              <MetadataToken>100663335</MetadataToken>
              <Name>System.Void SpeedUpTime::Start()</Name>
              <FileRef uid="6" />
              <SequencePoints>
                <SequencePoint vc="0" uspid="1423" ordinal="0" offset="0" sl="14" sc="5" el="14" ec="5" bec="0" bev="0" fileid="6" />
                <SequencePoint vc="0" uspid="1424" ordinal="0" offset="1" sl="15" sc="9" el="15" ec="9" bec="0" bev="0" fileid="6" />
                <SequencePoint vc="0" uspid="1425" ordinal="0" offset="30" sl="16" sc="5" el="16" ec="5" bec="0" bev="0" fileid="6" />
              </SequencePoints>
              <BranchPoints />
            </Method>
            <Method visited="false" cyclomaticComplexity="0" nPathComplexity="0" sequenceCoverage="0.0" branchCoverage="0" crapScore="0" isConstructor="false" isStatic="false" isGetter="false" isSetter="false">
              <Summary numSequencePoints="3" visitedSequencePoints="0" numBranchPoints="0" visitedBranchPoints="0" sequenceCoverage="0.0" branchCoverage="0" maxCyclomaticComplexity="0" minCyclomaticComplexity="0" maxCrapScore="0" minCrapScore="0" visitedClasses="0" numClasses="0" visitedMethods="0" numMethods="1" />
              <MetadataToken>100663336</MetadataToken>
              <Name>System.Void SpeedUpTime::SpeedUpActivatevoid(UnityEngine.InputSystem.InputAction/CallbackContext)</Name>
              <FileRef uid="6" />
              <SequencePoints>
                <SequencePoint vc="0" uspid="1426" ordinal="0" offset="0" sl="19" sc="0" el="19" ec="0" bec="0" bev="0" fileid="6" />
                <SequencePoint vc="0" uspid="1427" ordinal="0" offset="1" sl="20" sc="0" el="20" ec="0" bec="0" bev="0" fileid="6" />
                <SequencePoint vc="0" uspid="1428" ordinal="0" offset="13" sl="21" sc="0" el="21" ec="0" bec="0" bev="0" fileid="6" />
              </SequencePoints>
              <BranchPoints />
            </Method>
          </Methods>
        </Class>
        <Class>
          <Summary numSequencePoints="15" visitedSequencePoints="0" numBranchPoints="0" visitedBranchPoints="0" sequenceCoverage="0.0" branchCoverage="0.0" maxCyclomaticComplexity="0" minCyclomaticComplexity="0" maxCrapScore="0" minCrapScore="0" visitedClasses="0" numClasses="1" visitedMethods="0" numMethods="4" />
          <FullName>TimeManager</FullName>
          <Methods>
            <Method visited="false" cyclomaticComplexity="0" nPathComplexity="0" sequenceCoverage="0.0" branchCoverage="0" crapScore="0" isConstructor="false" isStatic="false" isGetter="false" isSetter="false">
              <Summary numSequencePoints="4" visitedSequencePoints="0" numBranchPoints="0" visitedBranchPoints="0" sequenceCoverage="0.0" branchCoverage="0" maxCyclomaticComplexity="0" minCyclomaticComplexity="0" maxCrapScore="0" minCrapScore="0" visitedClasses="0" numClasses="0" visitedMethods="0" numMethods="1" />
              <MetadataToken>100663338</MetadataToken>
              <Name>System.Void TimeManager::Update()</Name>
              <FileRef uid="7" />
              <SequencePoints>
                <SequencePoint vc="0" uspid="1429" ordinal="0" offset="0" sl="11" sc="5" el="11" ec="5" bec="0" bev="0" fileid="7" />
                <SequencePoint vc="0" uspid="1430" ordinal="0" offset="1" sl="12" sc="9" el="12" ec="9" bec="0" bev="0" fileid="7" />
                <SequencePoint vc="0" uspid="1431" ordinal="0" offset="31" sl="13" sc="9" el="13" ec="9" bec="0" bev="0" fileid="7" />
                <SequencePoint vc="0" uspid="1432" ordinal="0" offset="57" sl="14" sc="5" el="14" ec="5" bec="0" bev="0" fileid="7" />
              </SequencePoints>
              <BranchPoints />
            </Method>
            <Method visited="false" cyclomaticComplexity="0" nPathComplexity="0" sequenceCoverage="0.0" branchCoverage="0" crapScore="0" isConstructor="false" isStatic="false" isGetter="false" isSetter="false">
              <Summary numSequencePoints="4" visitedSequencePoints="0" numBranchPoints="0" visitedBranchPoints="0" sequenceCoverage="0.0" branchCoverage="0" maxCyclomaticComplexity="0" minCyclomaticComplexity="0" maxCrapScore="0" minCrapScore="0" visitedClasses="0" numClasses="0" visitedMethods="0" numMethods="1" />
              <MetadataToken>100663339</MetadataToken>
              <Name>System.Void TimeManager::DoSlowmotion()</Name>
              <FileRef uid="7" />
              <SequencePoints>
                <SequencePoint vc="0" uspid="1433" ordinal="0" offset="0" sl="17" sc="5" el="17" ec="5" bec="0" bev="0" fileid="7" />
                <SequencePoint vc="0" uspid="1434" ordinal="0" offset="1" sl="18" sc="9" el="18" ec="9" bec="0" bev="0" fileid="7" />
                <SequencePoint vc="0" uspid="1435" ordinal="0" offset="13" sl="19" sc="9" el="19" ec="9" bec="0" bev="0" fileid="7" />
                <SequencePoint vc="0" uspid="1436" ordinal="0" offset="30" sl="20" sc="5" el="20" ec="5" bec="0" bev="0" fileid="7" />
              </SequencePoints>
              <BranchPoints />
            </Method>
            <Method visited="false" cyclomaticComplexity="0" nPathComplexity="0" sequenceCoverage="0.0" branchCoverage="0" crapScore="0" isConstructor="false" isStatic="false" isGetter="false" isSetter="false">
              <Summary numSequencePoints="4" visitedSequencePoints="0" numBranchPoints="0" visitedBranchPoints="0" sequenceCoverage="0.0" branchCoverage="0" maxCyclomaticComplexity="0" minCyclomaticComplexity="0" maxCrapScore="0" minCrapScore="0" visitedClasses="0" numClasses="0" visitedMethods="0" numMethods="1" />
              <MetadataToken>100663340</MetadataToken>
              <Name>System.Void TimeManager::DoSpeedUp()</Name>
              <FileRef uid="7" />
              <SequencePoints>
                <SequencePoint vc="0" uspid="1437" ordinal="0" offset="0" sl="23" sc="5" el="23" ec="5" bec="0" bev="0" fileid="7" />
                <SequencePoint vc="0" uspid="1438" ordinal="0" offset="1" sl="24" sc="9" el="24" ec="9" bec="0" bev="0" fileid="7" />
                <SequencePoint vc="0" uspid="1439" ordinal="0" offset="13" sl="25" sc="9" el="25" ec="9" bec="0" bev="0" fileid="7" />
                <SequencePoint vc="0" uspid="1440" ordinal="0" offset="30" sl="26" sc="5" el="26" ec="5" bec="0" bev="0" fileid="7" />
              </SequencePoints>
              <BranchPoints />
            </Method>
            <Method visited="false" cyclomaticComplexity="0" nPathComplexity="0" sequenceCoverage="0.0" branchCoverage="0" crapScore="0" isConstructor="true" isStatic="false" isGetter="false" isSetter="false">
              <Summary numSequencePoints="3" visitedSequencePoints="0" numBranchPoints="0" visitedBranchPoints="0" sequenceCoverage="0.0" branchCoverage="0" maxCyclomaticComplexity="0" minCyclomaticComplexity="0" maxCrapScore="0" minCrapScore="0" visitedClasses="0" numClasses="0" visitedMethods="0" numMethods="1" />
              <MetadataToken>100663341</MetadataToken>
              <Name>TimeManager::TimeManager()</Name>
              <FileRef uid="7" />
              <SequencePoints>
                <SequencePoint vc="0" uspid="1441" ordinal="0" offset="0" sl="5" sc="5" el="5" ec="5" bec="0" bev="0" fileid="7" />
                <SequencePoint vc="0" uspid="1442" ordinal="0" offset="11" sl="6" sc="5" el="6" ec="5" bec="0" bev="0" fileid="7" />
                <SequencePoint vc="0" uspid="1443" ordinal="0" offset="22" sl="8" sc="5" el="8" ec="5" bec="0" bev="0" fileid="7" />
              </SequencePoints>
              <BranchPoints />
            </Method>
          </Methods>
        </Class>
        <Class>
          <Summary numSequencePoints="47" visitedSequencePoints="0" numBranchPoints="0" visitedBranchPoints="0" sequenceCoverage="0.0" branchCoverage="0.0" maxCyclomaticComplexity="0" minCyclomaticComplexity="0" maxCrapScore="0" minCrapScore="0" visitedClasses="0" numClasses="1" visitedMethods="0" numMethods="2" />
          <FullName>XRTarget</FullName>
          <Methods>
            <Method visited="false" cyclomaticComplexity="0" nPathComplexity="0" sequenceCoverage="0.0" branchCoverage="0" crapScore="0" isConstructor="false" isStatic="false" isGetter="false" isSetter="false">
              <Summary numSequencePoints="44" visitedSequencePoints="0" numBranchPoints="0" visitedBranchPoints="0" sequenceCoverage="0.0" branchCoverage="0" maxCyclomaticComplexity="0" minCyclomaticComplexity="0" maxCrapScore="0" minCrapScore="0" visitedClasses="0" numClasses="0" visitedMethods="0" numMethods="1" />
              <MetadataToken>100663342</MetadataToken>
              <Name>System.Void XRTarget::Update()</Name>
              <FileRef uid="8" />
              <SequencePoints>
                <SequencePoint vc="0" uspid="1444" ordinal="0" offset="0" sl="28" sc="5" el="28" ec="5" bec="0" bev="0" fileid="8" />
                <SequencePoint vc="0" uspid="1445" ordinal="0" offset="1" sl="29" sc="9" el="29" ec="9" bec="0" bev="0" fileid="8" />
                <SequencePoint vc="0" uspid="1446" ordinal="0" offset="34" sl="31" sc="9" el="31" ec="9" bec="0" bev="0" fileid="8" />
                <SequencePoint vc="0" uspid="1447" ordinal="0" offset="57" sl="31" sc="25" el="31" ec="25" bec="0" bev="0" fileid="8" />
                <SequencePoint vc="0" uspid="1448" ordinal="0" offset="58" sl="32" sc="13" el="32" ec="13" bec="0" bev="0" fileid="8" />
                <SequencePoint vc="0" uspid="1449" ordinal="0" offset="76" sl="33" sc="13" el="33" ec="13" bec="0" bev="0" fileid="8" />
                <SequencePoint vc="0" uspid="1450" ordinal="0" offset="77" sl="34" sc="17" el="34" ec="17" bec="0" bev="0" fileid="8" />
                <SequencePoint vc="0" uspid="1451" ordinal="0" offset="93" sl="36" sc="17" el="36" ec="17" bec="0" bev="0" fileid="8" />
                <SequencePoint vc="0" uspid="1452" ordinal="0" offset="94" sl="36" sc="46" el="36" ec="46" bec="0" bev="0" fileid="8" />
                <SequencePoint vc="0" uspid="1453" ordinal="0" offset="105" sl="36" sc="26" el="36" ec="26" bec="0" bev="0" fileid="8" />
                <SequencePoint vc="0" uspid="1454" ordinal="0" offset="110" sl="36" sc="54" el="36" ec="54" bec="0" bev="0" fileid="8" />
                <SequencePoint vc="0" uspid="1455" ordinal="0" offset="111" sl="37" sc="21" el="37" ec="21" bec="0" bev="0" fileid="8" />
                <SequencePoint vc="0" uspid="1456" ordinal="0" offset="120" sl="38" sc="17" el="38" ec="17" bec="0" bev="0" fileid="8" />
                <SequencePoint vc="0" uspid="1457" ordinal="0" offset="125" sl="36" sc="43" el="36" ec="43" bec="0" bev="0" fileid="8" />
                <SequencePoint vc="0" uspid="1458" ordinal="0" offset="131" sl="40" sc="17" el="40" ec="17" bec="0" bev="0" fileid="8" />
                <SequencePoint vc="0" uspid="1459" ordinal="0" offset="144" sl="41" sc="17" el="41" ec="17" bec="0" bev="0" fileid="8" />
                <SequencePoint vc="0" uspid="1460" ordinal="0" offset="157" sl="43" sc="17" el="43" ec="17" bec="0" bev="0" fileid="8" />
                <SequencePoint vc="0" uspid="1461" ordinal="0" offset="170" sl="45" sc="17" el="45" ec="17" bec="0" bev="0" fileid="8" />
                <SequencePoint vc="0" uspid="1462" ordinal="0" offset="183" sl="46" sc="17" el="46" ec="17" bec="0" bev="0" fileid="8" />
                <SequencePoint vc="0" uspid="1463" ordinal="0" offset="196" sl="48" sc="17" el="48" ec="17" bec="0" bev="0" fileid="8" />
                <SequencePoint vc="0" uspid="1464" ordinal="0" offset="209" sl="50" sc="17" el="50" ec="17" bec="0" bev="0" fileid="8" />
                <SequencePoint vc="0" uspid="1465" ordinal="0" offset="222" sl="53" sc="13" el="53" ec="13" bec="0" bev="0" fileid="8" />
                <SequencePoint vc="0" uspid="1466" ordinal="0" offset="228" sl="55" sc="13" el="55" ec="13" bec="0" bev="0" fileid="8" />
                <SequencePoint vc="0" uspid="1467" ordinal="0" offset="229" sl="56" sc="17" el="56" ec="17" bec="0" bev="0" fileid="8" />
                <SequencePoint vc="0" uspid="1468" ordinal="0" offset="252" sl="57" sc="17" el="57" ec="17" bec="0" bev="0" fileid="8" />
                <SequencePoint vc="0" uspid="1469" ordinal="0" offset="253" sl="59" sc="21" el="59" ec="21" bec="0" bev="0" fileid="8" />
                <SequencePoint vc="0" uspid="1470" ordinal="0" offset="269" sl="61" sc="21" el="61" ec="21" bec="0" bev="0" fileid="8" />
                <SequencePoint vc="0" uspid="1471" ordinal="0" offset="270" sl="61" sc="50" el="61" ec="50" bec="0" bev="0" fileid="8" />
                <SequencePoint vc="0" uspid="1472" ordinal="0" offset="283" sl="61" sc="30" el="61" ec="30" bec="0" bev="0" fileid="8" />
                <SequencePoint vc="0" uspid="1473" ordinal="0" offset="290" sl="61" sc="58" el="61" ec="58" bec="0" bev="0" fileid="8" />
                <SequencePoint vc="0" uspid="1474" ordinal="0" offset="291" sl="62" sc="25" el="62" ec="25" bec="0" bev="0" fileid="8" />
                <SequencePoint vc="0" uspid="1475" ordinal="0" offset="300" sl="63" sc="21" el="63" ec="21" bec="0" bev="0" fileid="8" />
                <SequencePoint vc="0" uspid="1476" ordinal="0" offset="307" sl="61" sc="47" el="61" ec="47" bec="0" bev="0" fileid="8" />
                <SequencePoint vc="0" uspid="1477" ordinal="0" offset="315" sl="66" sc="21" el="66" ec="21" bec="0" bev="0" fileid="8" />
                <SequencePoint vc="0" uspid="1478" ordinal="0" offset="328" sl="67" sc="21" el="67" ec="21" bec="0" bev="0" fileid="8" />
                <SequencePoint vc="0" uspid="1479" ordinal="0" offset="341" sl="69" sc="21" el="69" ec="21" bec="0" bev="0" fileid="8" />
                <SequencePoint vc="0" uspid="1480" ordinal="0" offset="354" sl="71" sc="21" el="71" ec="21" bec="0" bev="0" fileid="8" />
                <SequencePoint vc="0" uspid="1481" ordinal="0" offset="367" sl="72" sc="21" el="72" ec="21" bec="0" bev="0" fileid="8" />
                <SequencePoint vc="0" uspid="1482" ordinal="0" offset="380" sl="74" sc="21" el="74" ec="21" bec="0" bev="0" fileid="8" />
                <SequencePoint vc="0" uspid="1483" ordinal="0" offset="393" sl="76" sc="21" el="76" ec="21" bec="0" bev="0" fileid="8" />
                <SequencePoint vc="0" uspid="1484" ordinal="0" offset="406" sl="79" sc="17" el="79" ec="17" bec="0" bev="0" fileid="8" />
                <SequencePoint vc="0" uspid="1485" ordinal="0" offset="407" sl="81" sc="13" el="81" ec="13" bec="0" bev="0" fileid="8" />
                <SequencePoint vc="0" uspid="1486" ordinal="0" offset="408" sl="83" sc="9" el="83" ec="9" bec="0" bev="0" fileid="8" />
                <SequencePoint vc="0" uspid="1487" ordinal="0" offset="409" sl="84" sc="5" el="84" ec="5" bec="0" bev="0" fileid="8" />
              </SequencePoints>
              <BranchPoints />
            </Method>
            <Method visited="false" cyclomaticComplexity="0" nPathComplexity="0" sequenceCoverage="0.0" branchCoverage="0" crapScore="0" isConstructor="false" isStatic="false" isGetter="false" isSetter="false">
              <Summary numSequencePoints="3" visitedSequencePoints="0" numBranchPoints="0" visitedBranchPoints="0" sequenceCoverage="0.0" branchCoverage="0" maxCyclomaticComplexity="0" minCyclomaticComplexity="0" maxCrapScore="0" minCrapScore="0" visitedClasses="0" numClasses="0" visitedMethods="0" numMethods="1" />
              <MetadataToken>100663344</MetadataToken>
              <Name>System.Void XRTarget::Hit(System.Single)</Name>
              <FileRef uid="8" />
              <SequencePoints>
                <SequencePoint vc="0" uspid="1488" ordinal="0" offset="0" sl="95" sc="35" el="95" ec="35" bec="0" bev="0" fileid="8" />
                <SequencePoint vc="0" uspid="1489" ordinal="0" offset="1" sl="96" sc="9" el="96" ec="9" bec="0" bev="0" fileid="8" />
                <SequencePoint vc="0" uspid="1490" ordinal="0" offset="15" sl="97" sc="5" el="97" ec="5" bec="0" bev="0" fileid="8" />
              </SequencePoints>
              <BranchPoints />
            </Method>
          </Methods>
        </Class>
        <Class>
          <Summary numSequencePoints="1" visitedSequencePoints="0" numBranchPoints="0" visitedBranchPoints="0" sequenceCoverage="0.0" branchCoverage="0.0" maxCyclomaticComplexity="0" minCyclomaticComplexity="0" maxCrapScore="0" minCrapScore="0" visitedClasses="0" numClasses="1" visitedMethods="0" numMethods="1" />
          <FullName>AudioManager/&lt;&gt;c__DisplayClass4_0</FullName>
          <Methods>
            <Method visited="false" cyclomaticComplexity="0" nPathComplexity="0" sequenceCoverage="0.0" branchCoverage="0" crapScore="0" isConstructor="false" isStatic="false" isGetter="false" isSetter="false">
              <Summary numSequencePoints="1" visitedSequencePoints="0" numBranchPoints="0" visitedBranchPoints="0" sequenceCoverage="0.0" branchCoverage="0" maxCyclomaticComplexity="0" minCyclomaticComplexity="0" maxCrapScore="0" minCrapScore="0" visitedClasses="0" numClasses="0" visitedMethods="0" numMethods="1" />
              <MetadataToken>100663347</MetadataToken>
              <Name>System.Boolean AudioManager/&lt;&gt;c__DisplayClass4_0::&lt;Play&gt;b__0(Sound)</Name>
              <FileRef uid="1" />
              <SequencePoints>
                <SequencePoint vc="0" uspid="1491" ordinal="0" offset="0" sl="38" sc="40" el="38" ec="40" bec="0" bev="0" fileid="1" />
              </SequencePoints>
              <BranchPoints />
            </Method>
          </Methods>
        </Class>
        <Class>
          <Summary numSequencePoints="6" visitedSequencePoints="0" numBranchPoints="0" visitedBranchPoints="0" sequenceCoverage="0.0" branchCoverage="0.0" maxCyclomaticComplexity="0" minCyclomaticComplexity="0" maxCrapScore="0" minCrapScore="0" visitedClasses="0" numClasses="1" visitedMethods="0" numMethods="1" />
          <FullName>Round/&lt;Wait&gt;d__5</FullName>
          <Methods>
            <Method visited="false" cyclomaticComplexity="0" nPathComplexity="0" sequenceCoverage="0.0" branchCoverage="0" crapScore="0" isConstructor="false" isStatic="false" isGetter="false" isSetter="false">
              <Summary numSequencePoints="6" visitedSequencePoints="0" numBranchPoints="0" visitedBranchPoints="0" sequenceCoverage="0.0" branchCoverage="0" maxCyclomaticComplexity="0" minCyclomaticComplexity="0" maxCrapScore="0" minCrapScore="0" visitedClasses="0" numClasses="0" visitedMethods="0" numMethods="1" />
              <MetadataToken>100663350</MetadataToken>
              <Name>System.Boolean Round/&lt;Wait&gt;d__5::MoveNext()</Name>
              <FileRef uid="4" />
              <SequencePoints>
                <SequencePoint vc="0" uspid="1492" ordinal="0" offset="31" sl="76" sc="5" el="76" ec="5" bec="0" bev="0" fileid="4" />
                <SequencePoint vc="0" uspid="1493" ordinal="0" offset="32" sl="77" sc="9" el="77" ec="9" bec="0" bev="0" fileid="4" />
                <SequencePoint vc="0" uspid="1494" ordinal="0" offset="43" sl="79" sc="9" el="79" ec="9" bec="0" bev="0" fileid="4" />
                <SequencePoint vc="0" uspid="1495" ordinal="0" offset="75" sl="80" sc="9" el="80" ec="9" bec="0" bev="0" fileid="4" />
                <SequencePoint vc="0" uspid="1496" ordinal="0" offset="86" sl="81" sc="9" el="81" ec="9" bec="0" bev="0" fileid="4" />
                <SequencePoint vc="0" uspid="1497" ordinal="0" offset="103" sl="82" sc="5" el="82" ec="5" bec="0" bev="0" fileid="4" />
              </SequencePoints>
              <BranchPoints />
            </Method>
          </Methods>
        </Class>
        <Class>
          <Summary numSequencePoints="3" visitedSequencePoints="0" numBranchPoints="0" visitedBranchPoints="0" sequenceCoverage="0.0" branchCoverage="0.0" maxCyclomaticComplexity="0" minCyclomaticComplexity="0" maxCrapScore="0" minCrapScore="0" visitedClasses="0" numClasses="1" visitedMethods="0" numMethods="1" />
          <FullName>XRTarget/&lt;Wait&gt;d__10</FullName>
          <Methods>
            <Method visited="false" cyclomaticComplexity="0" nPathComplexity="0" sequenceCoverage="0.0" branchCoverage="0" crapScore="0" isConstructor="false" isStatic="false" isGetter="false" isSetter="false">
              <Summary numSequencePoints="3" visitedSequencePoints="0" numBranchPoints="0" visitedBranchPoints="0" sequenceCoverage="0.0" branchCoverage="0" maxCyclomaticComplexity="0" minCyclomaticComplexity="0" maxCrapScore="0" minCrapScore="0" visitedClasses="0" numClasses="0" visitedMethods="0" numMethods="1" />
              <MetadataToken>100663356</MetadataToken>
              <Name>System.Boolean XRTarget/&lt;Wait&gt;d__10::MoveNext()</Name>
              <FileRef uid="8" />
              <SequencePoints>
                <SequencePoint vc="0" uspid="1498" ordinal="0" offset="31" sl="88" sc="5" el="88" ec="5" bec="0" bev="0" fileid="8" />
                <SequencePoint vc="0" uspid="1499" ordinal="0" offset="32" sl="90" sc="9" el="90" ec="9" bec="0" bev="0" fileid="8" />
                <SequencePoint vc="0" uspid="1500" ordinal="0" offset="64" sl="91" sc="5" el="91" ec="5" bec="0" bev="0" fileid="8" />
              </SequencePoints>
              <BranchPoints />
            </Method>
          </Methods>
        </Class>
      </Classes>
    </Module>
  </Modules>
</CoverageSession>