<?xml version="1.0" encoding="utf-8"?>
<CoverageSession xmlns:xsd="http://www.w3.org/2001/XMLSchema" xmlns:xsi="http://www.w3.org/2001/XMLSchema-instance" Version="0.0.0.0">
  <Summary numSequencePoints="102" visitedSequencePoints="43" numBranchPoints="0" visitedBranchPoints="0" sequenceCoverage="42.16" branchCoverage="0.0" maxCyclomaticComplexity="0" minCyclomaticComplexity="0" maxCrapScore="0" minCrapScore="0" visitedClasses="6" numClasses="6" visitedMethods="8" numMethods="8" />
  <Modules>
    <Module>
      <Summary numSequencePoints="102" visitedSequencePoints="43" numBranchPoints="0" visitedBranchPoints="0" sequenceCoverage="42.16" branchCoverage="0.0" maxCyclomaticComplexity="0" minCyclomaticComplexity="0" maxCrapScore="0" minCrapScore="0" visitedClasses="6" numClasses="6" visitedMethods="8" numMethods="8" />
      <ModuleTime>0001-01-01T00:00:00</ModuleTime>
      <ModuleName>Test</ModuleName>
      <Files>
        <File uid="1" fullPath="D:/--UnityProject/VR/VRExplorer_subjects/VGuns-Unity-VR/Assets/Test/AudioManager.cs" />
        <File uid="2" fullPath="D:/--UnityProject/VR/VRExplorer_subjects/VGuns-Unity-VR/Assets/Test/Enemy/EnemyAi.cs" />
        <File uid="3" fullPath="D:/--UnityProject/VR/VRExplorer_subjects/VGuns-Unity-VR/Assets/Test/Gun.cs" />
        <File uid="4" fullPath="D:/--UnityProject/VR/VRExplorer_subjects/VGuns-Unity-VR/Assets/Test/Round.cs" />
        <File uid="5" fullPath="D:/--UnityProject/VR/VRExplorer_subjects/VGuns-Unity-VR/Assets/Test/Time/BulletTime.cs" />
        <File uid="6" fullPath="D:/--UnityProject/VR/VRExplorer_subjects/VGuns-Unity-VR/Assets/Test/Time/SpeedUpTime.cs" />
        <File uid="7" fullPath="D:/--UnityProject/VR/VRExplorer_subjects/VGuns-Unity-VR/Assets/Test/Time/TimeManager.cs" />
        <File uid="8" fullPath="D:/--UnityProject/VR/VRExplorer_subjects/VGuns-Unity-VR/Assets/Test/XRTarget.cs" />
        <File uid="9" fullPath="D:/--UnityProject/VR/VRExplorer_subjects/VGuns-Unity-VR/Assets/Test/PauseMenu/PauseMenu.cs" />
      </Files>
      <Classes>
        <Class>
          <Summary numSequencePoints="20" visitedSequencePoints="17" numBranchPoints="0" visitedBranchPoints="0" sequenceCoverage="85.00" branchCoverage="0.0" maxCyclomaticComplexity="0" minCyclomaticComplexity="0" maxCrapScore="0" minCrapScore="0" visitedClasses="1" numClasses="1" visitedMethods="1" numMethods="1" />
          <FullName>AudioManager</FullName>
          <Methods>
            <Method visited="true" cyclomaticComplexity="0" nPathComplexity="0" sequenceCoverage="85.00" branchCoverage="0" crapScore="0" isConstructor="false" isStatic="false" isGetter="false" isSetter="false">
              <Summary numSequencePoints="20" visitedSequencePoints="17" numBranchPoints="0" visitedBranchPoints="0" sequenceCoverage="85.00" branchCoverage="0" maxCyclomaticComplexity="0" minCyclomaticComplexity="0" maxCrapScore="0" minCrapScore="0" visitedClasses="0" numClasses="0" visitedMethods="1" numMethods="1" />
              <MetadataToken>100663297</MetadataToken>
              <Name>System.Void AudioManager::Awake()</Name>
              <FileRef uid="1" />
              <SequencePoints>
                <SequencePoint vc="1" uspid="361" ordinal="0" offset="0" sl="15" sc="2" el="15" ec="2" bec="0" bev="0" fileid="1" />
                <SequencePoint vc="1" uspid="362" ordinal="0" offset="1" sl="16" sc="3" el="16" ec="3" bec="0" bev="0" fileid="1" />
                <SequencePoint vc="0" uspid="363" ordinal="0" offset="16" sl="17" sc="3" el="17" ec="3" bec="0" bev="0" fileid="1" />
                <SequencePoint vc="0" uspid="364" ordinal="0" offset="17" sl="18" sc="4" el="18" ec="4" bec="0" bev="0" fileid="1" />
                <SequencePoint vc="0" uspid="365" ordinal="0" offset="29" sl="19" sc="3" el="19" ec="3" bec="0" bev="0" fileid="1" />
                <SequencePoint vc="1" uspid="366" ordinal="0" offset="32" sl="21" sc="3" el="21" ec="3" bec="0" bev="0" fileid="1" />
                <SequencePoint vc="1" uspid="367" ordinal="0" offset="33" sl="22" sc="4" el="22" ec="4" bec="0" bev="0" fileid="1" />
                <SequencePoint vc="1" uspid="368" ordinal="0" offset="39" sl="23" sc="4" el="23" ec="4" bec="0" bev="0" fileid="1" />
                <SequencePoint vc="1" uspid="369" ordinal="0" offset="51" sl="24" sc="3" el="24" ec="3" bec="0" bev="0" fileid="1" />
                <SequencePoint vc="1" uspid="370" ordinal="0" offset="52" sl="26" sc="3" el="26" ec="3" bec="0" bev="0" fileid="1" />
                <SequencePoint vc="1" uspid="371" ordinal="0" offset="53" sl="26" sc="23" el="26" ec="23" bec="0" bev="0" fileid="1" />
                <SequencePoint vc="3" uspid="372" ordinal="0" offset="64" sl="26" sc="12" el="26" ec="12" bec="0" bev="0" fileid="1" />
                <SequencePoint vc="3" uspid="373" ordinal="0" offset="68" sl="27" sc="3" el="27" ec="3" bec="0" bev="0" fileid="1" />
                <SequencePoint vc="3" uspid="374" ordinal="0" offset="69" sl="28" sc="4" el="28" ec="4" bec="0" bev="0" fileid="1" />
                <SequencePoint vc="3" uspid="375" ordinal="0" offset="86" sl="29" sc="4" el="29" ec="4" bec="0" bev="0" fileid="1" />
                <SequencePoint vc="3" uspid="376" ordinal="0" offset="104" sl="30" sc="4" el="30" ec="4" bec="0" bev="0" fileid="1" />
                <SequencePoint vc="3" uspid="377" ordinal="0" offset="122" sl="32" sc="4" el="32" ec="4" bec="0" bev="0" fileid="1" />
                <SequencePoint vc="3" uspid="378" ordinal="0" offset="140" sl="33" sc="3" el="33" ec="3" bec="0" bev="0" fileid="1" />
                <SequencePoint vc="4" uspid="379" ordinal="0" offset="145" sl="26" sc="20" el="26" ec="20" bec="0" bev="0" fileid="1" />
                <SequencePoint vc="1" uspid="380" ordinal="0" offset="151" sl="34" sc="2" el="34" ec="2" bec="0" bev="0" fileid="1" />
              </SequencePoints>
              <BranchPoints />
            </Method>
          </Methods>
        </Class>
        <Class>
          <Summary numSequencePoints="6" visitedSequencePoints="3" numBranchPoints="0" visitedBranchPoints="0" sequenceCoverage="50.00" branchCoverage="0.0" maxCyclomaticComplexity="0" minCyclomaticComplexity="0" maxCrapScore="0" minCrapScore="0" visitedClasses="1" numClasses="1" visitedMethods="1" numMethods="1" />
          <FullName>EnemyAi</FullName>
          <Methods>
            <Method visited="true" cyclomaticComplexity="0" nPathComplexity="0" sequenceCoverage="50.00" branchCoverage="0" crapScore="0" isConstructor="false" isStatic="false" isGetter="false" isSetter="false">
              <Summary numSequencePoints="6" visitedSequencePoints="3" numBranchPoints="0" visitedBranchPoints="0" sequenceCoverage="50.00" branchCoverage="0" maxCyclomaticComplexity="0" minCyclomaticComplexity="0" maxCrapScore="0" minCrapScore="0" visitedClasses="0" numClasses="0" visitedMethods="1" numMethods="1" />
              <MetadataToken>100663301</MetadataToken>
              <Name>System.Void EnemyAi::Awake()</Name>
              <FileRef uid="2" />
              <SequencePoints>
                <SequencePoint vc="5" uspid="395" ordinal="0" offset="0" sl="47" sc="5" el="47" ec="5" bec="0" bev="0" fileid="2" />
                <SequencePoint vc="5" uspid="396" ordinal="0" offset="1" sl="48" sc="9" el="48" ec="9" bec="0" bev="0" fileid="2" />
                <SequencePoint vc="5" uspid="397" ordinal="0" offset="12" sl="49" sc="9" el="49" ec="9" bec="0" bev="0" fileid="2" />
                <SequencePoint vc="0" uspid="398" ordinal="0" offset="33" sl="50" sc="9" el="50" ec="9" bec="0" bev="0" fileid="2" />
                <SequencePoint vc="0" uspid="399" ordinal="0" offset="45" sl="51" sc="9" el="51" ec="9" bec="0" bev="0" fileid="2" />
                <SequencePoint vc="0" uspid="400" ordinal="0" offset="52" sl="52" sc="5" el="52" ec="5" bec="0" bev="0" fileid="2" />
              </SequencePoints>
              <BranchPoints />
            </Method>
          </Methods>
        </Class>
        <Class>
          <Summary numSequencePoints="25" visitedSequencePoints="14" numBranchPoints="0" visitedBranchPoints="0" sequenceCoverage="56.00" branchCoverage="0.0" maxCyclomaticComplexity="0" minCyclomaticComplexity="0" maxCrapScore="0" minCrapScore="0" visitedClasses="1" numClasses="1" visitedMethods="3" numMethods="3" />
          <FullName>Gun</FullName>
          <Methods>
            <Method visited="true" cyclomaticComplexity="0" nPathComplexity="0" sequenceCoverage="100.0" branchCoverage="0" crapScore="0" isConstructor="false" isStatic="false" isGetter="false" isSetter="false">
              <Summary numSequencePoints="4" visitedSequencePoints="4" numBranchPoints="0" visitedBranchPoints="0" sequenceCoverage="100.0" branchCoverage="0" maxCyclomaticComplexity="0" minCyclomaticComplexity="0" maxCrapScore="0" minCrapScore="0" visitedClasses="0" numClasses="0" visitedMethods="1" numMethods="1" />
              <MetadataToken>100663318</MetadataToken>
              <Name>System.Void Gun::Start()</Name>
              <FileRef uid="3" />
              <SequencePoints>
                <SequencePoint vc="7" uspid="470" ordinal="0" offset="0" sl="142" sc="18" el="142" ec="18" bec="0" bev="0" fileid="3" />
                <SequencePoint vc="7" uspid="471" ordinal="0" offset="1" sl="144" sc="9" el="144" ec="9" bec="0" bev="0" fileid="3" />
                <SequencePoint vc="7" uspid="472" ordinal="0" offset="13" sl="146" sc="9" el="146" ec="9" bec="0" bev="0" fileid="3" />
                <SequencePoint vc="7" uspid="473" ordinal="0" offset="24" sl="147" sc="5" el="147" ec="5" bec="0" bev="0" fileid="3" />
              </SequencePoints>
              <BranchPoints />
            </Method>
            <Method visited="true" cyclomaticComplexity="0" nPathComplexity="0" sequenceCoverage="42.11" branchCoverage="0" crapScore="0" isConstructor="false" isStatic="false" isGetter="false" isSetter="false">
              <Summary numSequencePoints="19" visitedSequencePoints="8" numBranchPoints="0" visitedBranchPoints="0" sequenceCoverage="42.11" branchCoverage="0" maxCyclomaticComplexity="0" minCyclomaticComplexity="0" maxCrapScore="0" minCrapScore="0" visitedClasses="0" numClasses="0" visitedMethods="1" numMethods="1" />
              <MetadataToken>100663319</MetadataToken>
              <Name>System.Void Gun::Update()</Name>
              <FileRef uid="3" />
              <SequencePoints>
                <SequencePoint vc="1113" uspid="474" ordinal="0" offset="0" sl="149" sc="19" el="149" ec="19" bec="0" bev="0" fileid="3" />
                <SequencePoint vc="1113" uspid="475" ordinal="0" offset="1" sl="150" sc="9" el="150" ec="9" bec="0" bev="0" fileid="3" />
                <SequencePoint vc="0" uspid="476" ordinal="0" offset="22" sl="153" sc="17" el="153" ec="17" bec="0" bev="0" fileid="3" />
                <SequencePoint vc="0" uspid="477" ordinal="0" offset="39" sl="153" sc="47" el="153" ec="47" bec="0" bev="0" fileid="3" />
                <SequencePoint vc="0" uspid="478" ordinal="0" offset="40" sl="154" sc="21" el="154" ec="21" bec="0" bev="0" fileid="3" />
                <SequencePoint vc="0" uspid="479" ordinal="0" offset="47" sl="155" sc="17" el="155" ec="17" bec="0" bev="0" fileid="3" />
                <SequencePoint vc="0" uspid="480" ordinal="0" offset="48" sl="156" sc="17" el="156" ec="17" bec="0" bev="0" fileid="3" />
                <SequencePoint vc="0" uspid="481" ordinal="0" offset="50" sl="159" sc="17" el="159" ec="17" bec="0" bev="0" fileid="3" />
                <SequencePoint vc="0" uspid="482" ordinal="0" offset="67" sl="159" sc="47" el="159" ec="47" bec="0" bev="0" fileid="3" />
                <SequencePoint vc="0" uspid="483" ordinal="0" offset="68" sl="160" sc="21" el="160" ec="21" bec="0" bev="0" fileid="3" />
                <SequencePoint vc="0" uspid="484" ordinal="0" offset="80" sl="161" sc="21" el="161" ec="21" bec="0" bev="0" fileid="3" />
                <SequencePoint vc="0" uspid="485" ordinal="0" offset="87" sl="162" sc="17" el="162" ec="17" bec="0" bev="0" fileid="3" />
                <SequencePoint vc="0" uspid="486" ordinal="0" offset="88" sl="163" sc="17" el="163" ec="17" bec="0" bev="0" fileid="3" />
                <SequencePoint vc="1113" uspid="487" ordinal="0" offset="90" sl="167" sc="9" el="167" ec="9" bec="0" bev="0" fileid="3" />
                <SequencePoint vc="1113" uspid="488" ordinal="0" offset="102" sl="168" sc="9" el="168" ec="9" bec="0" bev="0" fileid="3" />
                <SequencePoint vc="1113" uspid="489" ordinal="0" offset="131" sl="169" sc="9" el="169" ec="9" bec="0" bev="0" fileid="3" />
                <SequencePoint vc="1113" uspid="490" ordinal="0" offset="160" sl="170" sc="9" el="170" ec="9" bec="0" bev="0" fileid="3" />
                <SequencePoint vc="1113" uspid="491" ordinal="0" offset="189" sl="173" sc="9" el="173" ec="9" bec="0" bev="0" fileid="3" />
                <SequencePoint vc="1113" uspid="492" ordinal="0" offset="234" sl="187" sc="5" el="187" ec="5" bec="0" bev="0" fileid="3" />
              </SequencePoints>
              <BranchPoints />
            </Method>
            <Method visited="true" cyclomaticComplexity="0" nPathComplexity="0" sequenceCoverage="100.0" branchCoverage="0" crapScore="0" isConstructor="true" isStatic="false" isGetter="false" isSetter="false">
              <Summary numSequencePoints="2" visitedSequencePoints="2" numBranchPoints="0" visitedBranchPoints="0" sequenceCoverage="100.0" branchCoverage="0" maxCyclomaticComplexity="0" minCyclomaticComplexity="0" maxCrapScore="0" minCrapScore="0" visitedClasses="0" numClasses="0" visitedMethods="1" numMethods="1" />
              <MetadataToken>100663327</MetadataToken>
              <Name>Gun::Gun()</Name>
              <FileRef uid="3" />
              <SequencePoints>
                <SequencePoint vc="14" uspid="541" ordinal="0" offset="0" sl="137" sc="5" el="137" ec="5" bec="0" bev="0" fileid="3" />
                <SequencePoint vc="14" uspid="542" ordinal="0" offset="7" sl="140" sc="5" el="140" ec="5" bec="0" bev="0" fileid="3" />
              </SequencePoints>
              <BranchPoints />
            </Method>
          </Methods>
        </Class>
        <Class>
          <Summary numSequencePoints="3" visitedSequencePoints="3" numBranchPoints="0" visitedBranchPoints="0" sequenceCoverage="100.0" branchCoverage="0.0" maxCyclomaticComplexity="0" minCyclomaticComplexity="0" maxCrapScore="0" minCrapScore="0" visitedClasses="1" numClasses="1" visitedMethods="1" numMethods="1" />
          <FullName>TimeManager</FullName>
          <Methods>
            <Method visited="true" cyclomaticComplexity="0" nPathComplexity="0" sequenceCoverage="100.0" branchCoverage="0" crapScore="0" isConstructor="true" isStatic="false" isGetter="false" isSetter="false">
              <Summary numSequencePoints="3" visitedSequencePoints="3" numBranchPoints="0" visitedBranchPoints="0" sequenceCoverage="100.0" branchCoverage="0" maxCyclomaticComplexity="0" minCyclomaticComplexity="0" maxCrapScore="0" minCrapScore="0" visitedClasses="0" numClasses="0" visitedMethods="1" numMethods="1" />
              <MetadataToken>100663341</MetadataToken>
              <Name>TimeManager::TimeManager()</Name>
              <FileRef uid="7" />
              <SequencePoints>
                <SequencePoint vc="2" uspid="601" ordinal="0" offset="0" sl="5" sc="5" el="5" ec="5" bec="0" bev="0" fileid="7" />
                <SequencePoint vc="2" uspid="602" ordinal="0" offset="11" sl="6" sc="5" el="6" ec="5" bec="0" bev="0" fileid="7" />
                <SequencePoint vc="2" uspid="603" ordinal="0" offset="22" sl="8" sc="5" el="8" ec="5" bec="0" bev="0" fileid="7" />
              </SequencePoints>
              <BranchPoints />
            </Method>
          </Methods>
        </Class>
        <Class>
          <Summary numSequencePoints="46" visitedSequencePoints="4" numBranchPoints="0" visitedBranchPoints="0" sequenceCoverage="8.70" branchCoverage="0.0" maxCyclomaticComplexity="0" minCyclomaticComplexity="0" maxCrapScore="0" minCrapScore="0" visitedClasses="1" numClasses="1" visitedMethods="1" numMethods="1" />
          <FullName>XRTarget</FullName>
          <Methods>
            <Method visited="true" cyclomaticComplexity="0" nPathComplexity="0" sequenceCoverage="8.70" branchCoverage="0" crapScore="0" isConstructor="false" isStatic="false" isGetter="false" isSetter="false">
              <Summary numSequencePoints="46" visitedSequencePoints="4" numBranchPoints="0" visitedBranchPoints="0" sequenceCoverage="8.70" branchCoverage="0" maxCyclomaticComplexity="0" minCyclomaticComplexity="0" maxCrapScore="0" minCrapScore="0" visitedClasses="0" numClasses="0" visitedMethods="1" numMethods="1" />
              <MetadataToken>100663342</MetadataToken>
              <Name>System.Void XRTarget::Update()</Name>
              <FileRef uid="8" />
              <SequencePoints>
                <SequencePoint vc="159" uspid="604" ordinal="0" offset="0" sl="28" sc="5" el="28" ec="5" bec="0" bev="0" fileid="8" />
                <SequencePoint vc="159" uspid="605" ordinal="0" offset="1" sl="29" sc="9" el="29" ec="9" bec="0" bev="0" fileid="8" />
                <SequencePoint vc="159" uspid="606" ordinal="0" offset="34" sl="31" sc="9" el="31" ec="9" bec="0" bev="0" fileid="8" />
                <SequencePoint vc="0" uspid="607" ordinal="0" offset="57" sl="31" sc="25" el="31" ec="25" bec="0" bev="0" fileid="8" />
                <SequencePoint vc="0" uspid="608" ordinal="0" offset="58" sl="32" sc="13" el="32" ec="13" bec="0" bev="0" fileid="8" />
                <SequencePoint vc="0" uspid="609" ordinal="0" offset="76" sl="33" sc="13" el="33" ec="13" bec="0" bev="0" fileid="8" />
                <SequencePoint vc="0" uspid="610" ordinal="0" offset="77" sl="34" sc="17" el="34" ec="17" bec="0" bev="0" fileid="8" />
                <SequencePoint vc="0" uspid="611" ordinal="0" offset="93" sl="36" sc="17" el="36" ec="17" bec="0" bev="0" fileid="8" />
                <SequencePoint vc="0" uspid="612" ordinal="0" offset="94" sl="36" sc="46" el="36" ec="46" bec="0" bev="0" fileid="8" />
                <SequencePoint vc="0" uspid="613" ordinal="0" offset="105" sl="36" sc="26" el="36" ec="26" bec="0" bev="0" fileid="8" />
                <SequencePoint vc="0" uspid="614" ordinal="0" offset="110" sl="36" sc="54" el="36" ec="54" bec="0" bev="0" fileid="8" />
                <SequencePoint vc="0" uspid="615" ordinal="0" offset="111" sl="37" sc="21" el="37" ec="21" bec="0" bev="0" fileid="8" />
                <SequencePoint vc="0" uspid="616" ordinal="0" offset="120" sl="38" sc="17" el="38" ec="17" bec="0" bev="0" fileid="8" />
                <SequencePoint vc="0" uspid="617" ordinal="0" offset="125" sl="36" sc="43" el="36" ec="43" bec="0" bev="0" fileid="8" />
                <SequencePoint vc="0" uspid="618" ordinal="0" offset="131" sl="40" sc="17" el="40" ec="17" bec="0" bev="0" fileid="8" />
                <SequencePoint vc="0" uspid="619" ordinal="0" offset="144" sl="41" sc="17" el="41" ec="17" bec="0" bev="0" fileid="8" />
                <SequencePoint vc="0" uspid="620" ordinal="0" offset="157" sl="43" sc="17" el="43" ec="17" bec="0" bev="0" fileid="8" />
                <SequencePoint vc="0" uspid="621" ordinal="0" offset="170" sl="45" sc="17" el="45" ec="17" bec="0" bev="0" fileid="8" />
                <SequencePoint vc="0" uspid="622" ordinal="0" offset="183" sl="46" sc="17" el="46" ec="17" bec="0" bev="0" fileid="8" />
                <SequencePoint vc="0" uspid="623" ordinal="0" offset="196" sl="48" sc="17" el="48" ec="17" bec="0" bev="0" fileid="8" />
                <SequencePoint vc="0" uspid="624" ordinal="0" offset="209" sl="50" sc="17" el="50" ec="17" bec="0" bev="0" fileid="8" />
                <SequencePoint vc="0" uspid="625" ordinal="0" offset="222" sl="52" sc="17" el="52" ec="17" bec="0" bev="0" fileid="8" />
                <SequencePoint vc="0" uspid="626" ordinal="0" offset="229" sl="53" sc="13" el="53" ec="13" bec="0" bev="0" fileid="8" />
                <SequencePoint vc="0" uspid="627" ordinal="0" offset="235" sl="55" sc="13" el="55" ec="13" bec="0" bev="0" fileid="8" />
                <SequencePoint vc="0" uspid="628" ordinal="0" offset="236" sl="56" sc="17" el="56" ec="17" bec="0" bev="0" fileid="8" />
                <SequencePoint vc="0" uspid="629" ordinal="0" offset="259" sl="57" sc="17" el="57" ec="17" bec="0" bev="0" fileid="8" />
                <SequencePoint vc="0" uspid="630" ordinal="0" offset="260" sl="59" sc="21" el="59" ec="21" bec="0" bev="0" fileid="8" />
                <SequencePoint vc="0" uspid="631" ordinal="0" offset="276" sl="61" sc="21" el="61" ec="21" bec="0" bev="0" fileid="8" />
                <SequencePoint vc="0" uspid="632" ordinal="0" offset="277" sl="61" sc="50" el="61" ec="50" bec="0" bev="0" fileid="8" />
                <SequencePoint vc="0" uspid="633" ordinal="0" offset="290" sl="61" sc="30" el="61" ec="30" bec="0" bev="0" fileid="8" />
                <SequencePoint vc="0" uspid="634" ordinal="0" offset="297" sl="61" sc="58" el="61" ec="58" bec="0" bev="0" fileid="8" />
                <SequencePoint vc="0" uspid="635" ordinal="0" offset="298" sl="62" sc="25" el="62" ec="25" bec="0" bev="0" fileid="8" />
                <SequencePoint vc="0" uspid="636" ordinal="0" offset="307" sl="63" sc="21" el="63" ec="21" bec="0" bev="0" fileid="8" />
                <SequencePoint vc="0" uspid="637" ordinal="0" offset="314" sl="61" sc="47" el="61" ec="47" bec="0" bev="0" fileid="8" />
                <SequencePoint vc="0" uspid="638" ordinal="0" offset="322" sl="66" sc="21" el="66" ec="21" bec="0" bev="0" fileid="8" />
                <SequencePoint vc="0" uspid="639" ordinal="0" offset="335" sl="67" sc="21" el="67" ec="21" bec="0" bev="0" fileid="8" />
                <SequencePoint vc="0" uspid="640" ordinal="0" offset="348" sl="69" sc="21" el="69" ec="21" bec="0" bev="0" fileid="8" />
                <SequencePoint vc="0" uspid="641" ordinal="0" offset="361" sl="71" sc="21" el="71" ec="21" bec="0" bev="0" fileid="8" />
                <SequencePoint vc="0" uspid="642" ordinal="0" offset="374" sl="72" sc="21" el="72" ec="21" bec="0" bev="0" fileid="8" />
                <SequencePoint vc="0" uspid="643" ordinal="0" offset="387" sl="74" sc="21" el="74" ec="21" bec="0" bev="0" fileid="8" />
                <SequencePoint vc="0" uspid="644" ordinal="0" offset="400" sl="76" sc="21" el="76" ec="21" bec="0" bev="0" fileid="8" />
                <SequencePoint vc="0" uspid="645" ordinal="0" offset="413" sl="78" sc="21" el="78" ec="21" bec="0" bev="0" fileid="8" />
                <SequencePoint vc="0" uspid="646" ordinal="0" offset="420" sl="79" sc="17" el="79" ec="17" bec="0" bev="0" fileid="8" />
                <SequencePoint vc="0" uspid="647" ordinal="0" offset="421" sl="81" sc="13" el="81" ec="13" bec="0" bev="0" fileid="8" />
                <SequencePoint vc="0" uspid="648" ordinal="0" offset="422" sl="83" sc="9" el="83" ec="9" bec="0" bev="0" fileid="8" />
                <SequencePoint vc="159" uspid="649" ordinal="0" offset="423" sl="84" sc="5" el="84" ec="5" bec="0" bev="0" fileid="8" />
              </SequencePoints>
              <BranchPoints />
            </Method>
          </Methods>
        </Class>
        <Class>
          <Summary numSequencePoints="2" visitedSequencePoints="2" numBranchPoints="0" visitedBranchPoints="0" sequenceCoverage="100.0" branchCoverage="0.0" maxCyclomaticComplexity="0" minCyclomaticComplexity="0" maxCrapScore="0" minCrapScore="0" visitedClasses="1" numClasses="1" visitedMethods="1" numMethods="1" />
          <FullName>PauseMenu.PauseMenu</FullName>
          <Methods>
            <Method visited="true" cyclomaticComplexity="0" nPathComplexity="0" sequenceCoverage="100.0" branchCoverage="0" crapScore="0" isConstructor="true" isStatic="false" isGetter="false" isSetter="false">
              <Summary numSequencePoints="2" visitedSequencePoints="2" numBranchPoints="0" visitedBranchPoints="0" sequenceCoverage="100.0" branchCoverage="0" maxCyclomaticComplexity="0" minCyclomaticComplexity="0" maxCrapScore="0" minCrapScore="0" visitedClasses="0" numClasses="0" visitedMethods="1" numMethods="1" />
              <MetadataToken>100663354</MetadataToken>
              <Name>PauseMenu.PauseMenu::PauseMenu()</Name>
              <FileRef uid="9" />
              <SequencePoints>
                <SequencePoint vc="2" uspid="709" ordinal="0" offset="0" sl="14" sc="9" el="14" ec="9" bec="0" bev="0" fileid="9" />
                <SequencePoint vc="2" uspid="710" ordinal="0" offset="7" sl="15" sc="9" el="15" ec="9" bec="0" bev="0" fileid="9" />
              </SequencePoints>
              <BranchPoints />
            </Method>
          </Methods>
        </Class>
      </Classes>
    </Module>
  </Modules>
</CoverageSession>